<?xml version="1.0" encoding="utf-8" standalone="no"?>
<test-results xmlns:xsi="http://www.w3.org/2001/XMLSchema-instance" xsi:noNamespaceSchemaLocation="nunit_schema_2.5.xsd" name="Pester" total="190" errors="0" failures="0" not-run="0" inconclusive="0" ignored="0" skipped="0" invalid="0" date="2025-10-21" time="11:01:11">
  <environment platform="Linux" os-version="6.11.0-1018-azure" user-domain="" machine-name="runnervmwhb2z" user="runner" cwd="/home/runner/work/PSPreworkout/PSPreworkout/src/Tests/Unit" clr-version="8.0.19" nunit-version="2.5.8.0" />
  <culture-info current-culture="" current-uiculture="" />
  <test-suite type="TestFixture" name="Pester" executed="True" result="Success" success="True" time="12.3376" asserts="0" description="Pester">
    <results>
      <test-suite type="TestFixture" name="/home/runner/work/PSPreworkout/PSPreworkout/src/Tests/Unit/ExportedFunctions.Tests.ps1" executed="True" result="Success" success="True" time="3.7392" asserts="0" description="/home/runner/work/PSPreworkout/PSPreworkout/src/Tests/Unit/ExportedFunctions.Tests.ps1">
        <results>
          <test-suite type="TestFixture" name="PSPreworkout" executed="True" result="Success" success="True" time="3.1572" asserts="0" description="PSPreworkout">
            <results>
              <test-suite type="TestFixture" name="PSPreworkout.Exported Commands" executed="True" result="Success" success="True" time="0.5046" asserts="0" description="PSPreworkout.Exported Commands">
                <results>
                  <test-suite type="TestFixture" name="PSPreworkout.Exported Commands.Number of commands" executed="True" result="Success" success="True" time="0.1347" asserts="0" description="PSPreworkout.Exported Commands.Number of commands">
                    <results>
                      <test-case description="Exports the same number of public functions as what is listed in the Module Manifest" name="PSPreworkout.Exported Commands.Number of commands.Exports the same number of public functions as what is listed in the Module Manifest" time="0.1062" asserts="0" success="True" result="Success" executed="True" />
                    </results>
                  </test-suite>
                  <test-suite type="TestFixture" name="PSPreworkout.Exported Commands.Explicitly exported commands" executed="True" result="Success" success="True" time="0.4688" asserts="0" description="PSPreworkout.Exported Commands.Explicitly exported commands">
                    <results>
                      <test-suite type="ParameterizedTest" name="PSPreworkout.Exported Commands.Explicitly exported commands.Includes &lt;_&gt; in the Module Manifest ExportedFunctions" executed="True" result="Success" success="True" time="0.3149" asserts="0" description="Includes &lt;_&gt; in the Module Manifest ExportedFunctions">
                        <results>
                          <test-case description="Includes Edit-HistoryFile in the Module Manifest ExportedFunctions" name="PSPreworkout.Exported Commands.Explicitly exported commands.Includes Edit-HistoryFile in the Module Manifest ExportedFunctions" time="0.0178" asserts="0" success="True" result="Success" executed="True" />
                          <test-case description="Includes Get-Assembly in the Module Manifest ExportedFunctions" name="PSPreworkout.Exported Commands.Explicitly exported commands.Includes Get-Assembly in the Module Manifest ExportedFunctions" time="0.0072" asserts="0" success="True" result="Success" executed="True" />
                          <test-case description="Includes Get-PSPortable in the Module Manifest ExportedFunctions" name="PSPreworkout.Exported Commands.Explicitly exported commands.Includes Get-PSPortable in the Module Manifest ExportedFunctions" time="0.0087" asserts="0" success="True" result="Success" executed="True" />
                          <test-case description="Includes Init-PSEnvConfig in the Module Manifest ExportedFunctions" name="PSPreworkout.Exported Commands.Explicitly exported commands.Includes Init-PSEnvConfig in the Module Manifest ExportedFunctions" time="0.0075" asserts="0" success="True" result="Success" executed="True" />
                          <test-case description="Includes New-Script in the Module Manifest ExportedFunctions" name="PSPreworkout.Exported Commands.Explicitly exported commands.Includes New-Script in the Module Manifest ExportedFunctions" time="0.0323" asserts="0" success="True" result="Success" executed="True" />
                          <test-case description="Includes Show-LoadedAssemblies in the Module Manifest ExportedFunctions" name="PSPreworkout.Exported Commands.Explicitly exported commands.Includes Show-LoadedAssemblies in the Module Manifest ExportedFunctions" time="0.0064" asserts="0" success="True" result="Success" executed="True" />
                          <test-case description="Includes Edit-PSReadLineHistoryFile in the Module Manifest ExportedFunctions" name="PSPreworkout.Exported Commands.Explicitly exported commands.Includes Edit-PSReadLineHistoryFile in the Module Manifest ExportedFunctions" time="0.0093" asserts="0" success="True" result="Success" executed="True" />
                          <test-case description="Includes Edit-WingetSettingsFile in the Module Manifest ExportedFunctions" name="PSPreworkout.Exported Commands.Explicitly exported commands.Includes Edit-WingetSettingsFile in the Module Manifest ExportedFunctions" time="0.0094" asserts="0" success="True" result="Success" executed="True" />
                          <test-case description="Includes Get-CommandHistory in the Module Manifest ExportedFunctions" name="PSPreworkout.Exported Commands.Explicitly exported commands.Includes Get-CommandHistory in the Module Manifest ExportedFunctions" time="0.0092" asserts="0" success="True" result="Success" executed="True" />
                          <test-case description="Includes Get-EnvironmentVariable in the Module Manifest ExportedFunctions" name="PSPreworkout.Exported Commands.Explicitly exported commands.Includes Get-EnvironmentVariable in the Module Manifest ExportedFunctions" time="0.0095" asserts="0" success="True" result="Success" executed="True" />
                          <test-case description="Includes Get-HashtableValueType in the Module Manifest ExportedFunctions" name="PSPreworkout.Exported Commands.Explicitly exported commands.Includes Get-HashtableValueType in the Module Manifest ExportedFunctions" time="0.0094" asserts="0" success="True" result="Success" executed="True" />
                          <test-case description="Includes Get-LoadedAssembly in the Module Manifest ExportedFunctions" name="PSPreworkout.Exported Commands.Explicitly exported commands.Includes Get-LoadedAssembly in the Module Manifest ExportedFunctions" time="0.009" asserts="0" success="True" result="Success" executed="True" />
                          <test-case description="Includes Get-ModulesWithUpdate in the Module Manifest ExportedFunctions" name="PSPreworkout.Exported Commands.Explicitly exported commands.Includes Get-ModulesWithUpdate in the Module Manifest ExportedFunctions" time="0.0094" asserts="0" success="True" result="Success" executed="True" />
                          <test-case description="Includes Get-PowerShellPortable in the Module Manifest ExportedFunctions" name="PSPreworkout.Exported Commands.Explicitly exported commands.Includes Get-PowerShellPortable in the Module Manifest ExportedFunctions" time="0.0095" asserts="0" success="True" result="Success" executed="True" />
                          <test-case description="Includes Get-TypeAccelerator in the Module Manifest ExportedFunctions" name="PSPreworkout.Exported Commands.Explicitly exported commands.Includes Get-TypeAccelerator in the Module Manifest ExportedFunctions" time="0.0087" asserts="0" success="True" result="Success" executed="True" />
                          <test-case description="Includes Initialize-PSEnvironmentConfiguration in the Module Manifest ExportedFunctions" name="PSPreworkout.Exported Commands.Explicitly exported commands.Includes Initialize-PSEnvironmentConfiguration in the Module Manifest ExportedFunctions" time="0.0277" asserts="0" success="True" result="Success" executed="True" />
                          <test-case description="Includes Install-CommandNotFoundUtility in the Module Manifest ExportedFunctions" name="PSPreworkout.Exported Commands.Explicitly exported commands.Includes Install-CommandNotFoundUtility in the Module Manifest ExportedFunctions" time="0.0138" asserts="0" success="True" result="Success" executed="True" />
                          <test-case description="Includes Install-OhMyPosh in the Module Manifest ExportedFunctions" name="PSPreworkout.Exported Commands.Explicitly exported commands.Includes Install-OhMyPosh in the Module Manifest ExportedFunctions" time="0.009" asserts="0" success="True" result="Success" executed="True" />
                          <test-case description="Includes Install-PowerShellISE in the Module Manifest ExportedFunctions" name="PSPreworkout.Exported Commands.Explicitly exported commands.Includes Install-PowerShellISE in the Module Manifest ExportedFunctions" time="0.009" asserts="0" success="True" result="Success" executed="True" />
                          <test-case description="Includes Install-WinGet in the Module Manifest ExportedFunctions" name="PSPreworkout.Exported Commands.Explicitly exported commands.Includes Install-WinGet in the Module Manifest ExportedFunctions" time="0.0097" asserts="0" success="True" result="Success" executed="True" />
                          <test-case description="Includes New-ScriptFromTemplate in the Module Manifest ExportedFunctions" name="PSPreworkout.Exported Commands.Explicitly exported commands.Includes New-ScriptFromTemplate in the Module Manifest ExportedFunctions" time="0.0097" asserts="0" success="True" result="Success" executed="True" />
                          <test-case description="Includes Out-JsonFile in the Module Manifest ExportedFunctions" name="PSPreworkout.Exported Commands.Explicitly exported commands.Includes Out-JsonFile in the Module Manifest ExportedFunctions" time="0.0092" asserts="0" success="True" result="Success" executed="True" />
                          <test-case description="Includes Set-ConsoleFont in the Module Manifest ExportedFunctions" name="PSPreworkout.Exported Commands.Explicitly exported commands.Includes Set-ConsoleFont in the Module Manifest ExportedFunctions" time="0.0091" asserts="0" success="True" result="Success" executed="True" />
                          <test-case description="Includes Set-DefaultTerminal in the Module Manifest ExportedFunctions" name="PSPreworkout.Exported Commands.Explicitly exported commands.Includes Set-DefaultTerminal in the Module Manifest ExportedFunctions" time="0.0089" asserts="0" success="True" result="Success" executed="True" />
                          <test-case description="Includes Set-EnvironmentVariable in the Module Manifest ExportedFunctions" name="PSPreworkout.Exported Commands.Explicitly exported commands.Includes Set-EnvironmentVariable in the Module Manifest ExportedFunctions" time="0.0098" asserts="0" success="True" result="Success" executed="True" />
                          <test-case description="Includes Show-LoadedAssembly in the Module Manifest ExportedFunctions" name="PSPreworkout.Exported Commands.Explicitly exported commands.Includes Show-LoadedAssembly in the Module Manifest ExportedFunctions" time="0.0084" asserts="0" success="True" result="Success" executed="True" />
                          <test-case description="Includes Show-WithoutEmptyProperty in the Module Manifest ExportedFunctions" name="PSPreworkout.Exported Commands.Explicitly exported commands.Includes Show-WithoutEmptyProperty in the Module Manifest ExportedFunctions" time="0.0095" asserts="0" success="True" result="Success" executed="True" />
                          <test-case description="Includes Test-IsElevated in the Module Manifest ExportedFunctions" name="PSPreworkout.Exported Commands.Explicitly exported commands.Includes Test-IsElevated in the Module Manifest ExportedFunctions" time="0.0089" asserts="0" success="True" result="Success" executed="True" />
                          <test-case description="Includes Update-AllTheThings in the Module Manifest ExportedFunctions" name="PSPreworkout.Exported Commands.Explicitly exported commands.Includes Update-AllTheThings in the Module Manifest ExportedFunctions" time="0.0088" asserts="0" success="True" result="Success" executed="True" />
                        </results>
                      </test-suite>
                    </results>
                  </test-suite>
                </results>
              </test-suite>
              <test-suite type="TestFixture" name="PSPreworkout.Command Help" executed="True" result="Success" success="True" time="3.1434" asserts="0" description="PSPreworkout.Command Help">
                <results>
                  <test-suite type="TestFixture" name="PSPreworkout.Command Help.Edit-HistoryFile" executed="True" result="Success" success="True" time="0.0823" asserts="0" description="PSPreworkout.Command Help.Edit-HistoryFile">
                    <results>
                      <test-case description="Includes a Synopsis" name="PSPreworkout.Command Help.Edit-HistoryFile.Includes a Synopsis" time="0.0371" asserts="0" success="True" result="Success" executed="True" />
                      <test-case description="Includes a Description" name="PSPreworkout.Command Help.Edit-HistoryFile.Includes a Description" time="0.0097" asserts="0" success="True" result="Success" executed="True" />
                      <test-case description="Includes an Example" name="PSPreworkout.Command Help.Edit-HistoryFile.Includes an Example" time="0.0173" asserts="0" success="True" result="Success" executed="True" />
                    </results>
                  </test-suite>
                  <test-suite type="TestFixture" name="PSPreworkout.Command Help.Get-Assembly" executed="True" result="Success" success="True" time="0.1247" asserts="0" description="PSPreworkout.Command Help.Get-Assembly">
                    <results>
                      <test-case description="Includes a Synopsis" name="PSPreworkout.Command Help.Get-Assembly.Includes a Synopsis" time="0.0133" asserts="0" success="True" result="Success" executed="True" />
                      <test-case description="Includes a Description" name="PSPreworkout.Command Help.Get-Assembly.Includes a Description" time="0.0101" asserts="0" success="True" result="Success" executed="True" />
                      <test-case description="Includes an Example" name="PSPreworkout.Command Help.Get-Assembly.Includes an Example" time="0.0112" asserts="0" success="True" result="Success" executed="True" />
                    </results>
                  </test-suite>
                  <test-suite type="TestFixture" name="PSPreworkout.Command Help.Get-PSPortable" executed="True" result="Success" success="True" time="0.1832" asserts="0" description="PSPreworkout.Command Help.Get-PSPortable">
                    <results>
                      <test-case description="Includes a Synopsis" name="PSPreworkout.Command Help.Get-PSPortable.Includes a Synopsis" time="0.0179" asserts="0" success="True" result="Success" executed="True" />
                      <test-case description="Includes a Description" name="PSPreworkout.Command Help.Get-PSPortable.Includes a Description" time="0.0216" asserts="0" success="True" result="Success" executed="True" />
                      <test-case description="Includes an Example" name="PSPreworkout.Command Help.Get-PSPortable.Includes an Example" time="0.0117" asserts="0" success="True" result="Success" executed="True" />
                    </results>
                  </test-suite>
                  <test-suite type="TestFixture" name="PSPreworkout.Command Help.Init-PSEnvConfig" executed="True" result="Success" success="True" time="0.238" asserts="0" description="PSPreworkout.Command Help.Init-PSEnvConfig">
                    <results>
                      <test-case description="Includes a Synopsis" name="PSPreworkout.Command Help.Init-PSEnvConfig.Includes a Synopsis" time="0.0192" asserts="0" success="True" result="Success" executed="True" />
                      <test-case description="Includes a Description" name="PSPreworkout.Command Help.Init-PSEnvConfig.Includes a Description" time="0.0143" asserts="0" success="True" result="Success" executed="True" />
                      <test-case description="Includes an Example" name="PSPreworkout.Command Help.Init-PSEnvConfig.Includes an Example" time="0.0143" asserts="0" success="True" result="Success" executed="True" />
                    </results>
                  </test-suite>
                  <test-suite type="TestFixture" name="PSPreworkout.Command Help.New-Script" executed="True" result="Success" success="True" time="0.2882" asserts="0" description="PSPreworkout.Command Help.New-Script">
                    <results>
                      <test-case description="Includes a Synopsis" name="PSPreworkout.Command Help.New-Script.Includes a Synopsis" time="0.0156" asserts="0" success="True" result="Success" executed="True" />
                      <test-case description="Includes a Description" name="PSPreworkout.Command Help.New-Script.Includes a Description" time="0.0137" asserts="0" success="True" result="Success" executed="True" />
                      <test-case description="Includes an Example" name="PSPreworkout.Command Help.New-Script.Includes an Example" time="0.0141" asserts="0" success="True" result="Success" executed="True" />
                    </results>
                  </test-suite>
                  <test-suite type="TestFixture" name="PSPreworkout.Command Help.Show-LoadedAssemblies" executed="True" result="Success" success="True" time="0.3322" asserts="0" description="PSPreworkout.Command Help.Show-LoadedAssemblies">
                    <results>
                      <test-case description="Includes a Synopsis" name="PSPreworkout.Command Help.Show-LoadedAssemblies.Includes a Synopsis" time="0.0165" asserts="0" success="True" result="Success" executed="True" />
                      <test-case description="Includes a Description" name="PSPreworkout.Command Help.Show-LoadedAssemblies.Includes a Description" time="0.0105" asserts="0" success="True" result="Success" executed="True" />
                      <test-case description="Includes an Example" name="PSPreworkout.Command Help.Show-LoadedAssemblies.Includes an Example" time="0.0103" asserts="0" success="True" result="Success" executed="True" />
                    </results>
                  </test-suite>
                  <test-suite type="TestFixture" name="PSPreworkout.Command Help.Edit-PSReadLineHistoryFile" executed="True" result="Success" success="True" time="0.4532" asserts="0" description="PSPreworkout.Command Help.Edit-PSReadLineHistoryFile">
                    <results>
                      <test-case description="Includes a Synopsis" name="PSPreworkout.Command Help.Edit-PSReadLineHistoryFile.Includes a Synopsis" time="0.0456" asserts="0" success="True" result="Success" executed="True" />
                      <test-case description="Includes a Description" name="PSPreworkout.Command Help.Edit-PSReadLineHistoryFile.Includes a Description" time="0.0381" asserts="0" success="True" result="Success" executed="True" />
                      <test-case description="Includes an Example" name="PSPreworkout.Command Help.Edit-PSReadLineHistoryFile.Includes an Example" time="0.0311" asserts="0" success="True" result="Success" executed="True" />
                    </results>
                  </test-suite>
                  <test-suite type="TestFixture" name="PSPreworkout.Command Help.Edit-WingetSettingsFile" executed="True" result="Success" success="True" time="0.5511" asserts="0" description="PSPreworkout.Command Help.Edit-WingetSettingsFile">
                    <results>
                      <test-case description="Includes a Synopsis" name="PSPreworkout.Command Help.Edit-WingetSettingsFile.Includes a Synopsis" time="0.0299" asserts="0" success="True" result="Success" executed="True" />
                      <test-case description="Includes a Description" name="PSPreworkout.Command Help.Edit-WingetSettingsFile.Includes a Description" time="0.0288" asserts="0" success="True" result="Success" executed="True" />
                      <test-case description="Includes an Example" name="PSPreworkout.Command Help.Edit-WingetSettingsFile.Includes an Example" time="0.0343" asserts="0" success="True" result="Success" executed="True" />
                    </results>
                  </test-suite>
                  <test-suite type="TestFixture" name="PSPreworkout.Command Help.Get-CommandHistory" executed="True" result="Success" success="True" time="0.6503" asserts="0" description="PSPreworkout.Command Help.Get-CommandHistory">
                    <results>
                      <test-case description="Includes a Synopsis" name="PSPreworkout.Command Help.Get-CommandHistory.Includes a Synopsis" time="0.0316" asserts="0" success="True" result="Success" executed="True" />
                      <test-case description="Includes a Description" name="PSPreworkout.Command Help.Get-CommandHistory.Includes a Description" time="0.0295" asserts="0" success="True" result="Success" executed="True" />
                      <test-case description="Includes an Example" name="PSPreworkout.Command Help.Get-CommandHistory.Includes an Example" time="0.0334" asserts="0" success="True" result="Success" executed="True" />
                    </results>
                  </test-suite>
                  <test-suite type="TestFixture" name="PSPreworkout.Command Help.Get-EnvironmentVariable" executed="True" result="Success" success="True" time="0.7489" asserts="0" description="PSPreworkout.Command Help.Get-EnvironmentVariable">
                    <results>
                      <test-case description="Includes a Synopsis" name="PSPreworkout.Command Help.Get-EnvironmentVariable.Includes a Synopsis" time="0.0324" asserts="0" success="True" result="Success" executed="True" />
                      <test-case description="Includes a Description" name="PSPreworkout.Command Help.Get-EnvironmentVariable.Includes a Description" time="0.031" asserts="0" success="True" result="Success" executed="True" />
                      <test-case description="Includes an Example" name="PSPreworkout.Command Help.Get-EnvironmentVariable.Includes an Example" time="0.0304" asserts="0" success="True" result="Success" executed="True" />
                    </results>
                  </test-suite>
                  <test-suite type="TestFixture" name="PSPreworkout.Command Help.Get-HashtableValueType" executed="True" result="Success" success="True" time="0.8472" asserts="0" description="PSPreworkout.Command Help.Get-HashtableValueType">
                    <results>
                      <test-case description="Includes a Synopsis" name="PSPreworkout.Command Help.Get-HashtableValueType.Includes a Synopsis" time="0.0321" asserts="0" success="True" result="Success" executed="True" />
                      <test-case description="Includes a Description" name="PSPreworkout.Command Help.Get-HashtableValueType.Includes a Description" time="0.0303" asserts="0" success="True" result="Success" executed="True" />
                      <test-case description="Includes an Example" name="PSPreworkout.Command Help.Get-HashtableValueType.Includes an Example" time="0.0311" asserts="0" success="True" result="Success" executed="True" />
                    </results>
                  </test-suite>
                  <test-suite type="TestFixture" name="PSPreworkout.Command Help.Get-LoadedAssembly" executed="True" result="Success" success="True" time="0.9457" asserts="0" description="PSPreworkout.Command Help.Get-LoadedAssembly">
                    <results>
                      <test-case description="Includes a Synopsis" name="PSPreworkout.Command Help.Get-LoadedAssembly.Includes a Synopsis" time="0.0307" asserts="0" success="True" result="Success" executed="True" />
                      <test-case description="Includes a Description" name="PSPreworkout.Command Help.Get-LoadedAssembly.Includes a Description" time="0.0297" asserts="0" success="True" result="Success" executed="True" />
                      <test-case description="Includes an Example" name="PSPreworkout.Command Help.Get-LoadedAssembly.Includes an Example" time="0.0333" asserts="0" success="True" result="Success" executed="True" />
                    </results>
                  </test-suite>
                  <test-suite type="TestFixture" name="PSPreworkout.Command Help.Get-ModulesWithUpdate" executed="True" result="Success" success="True" time="1.0503" asserts="0" description="PSPreworkout.Command Help.Get-ModulesWithUpdate">
                    <results>
                      <test-case description="Includes a Synopsis" name="PSPreworkout.Command Help.Get-ModulesWithUpdate.Includes a Synopsis" time="0.0351" asserts="0" success="True" result="Success" executed="True" />
                      <test-case description="Includes a Description" name="PSPreworkout.Command Help.Get-ModulesWithUpdate.Includes a Description" time="0.0327" asserts="0" success="True" result="Success" executed="True" />
                      <test-case description="Includes an Example" name="PSPreworkout.Command Help.Get-ModulesWithUpdate.Includes an Example" time="0.0321" asserts="0" success="True" result="Success" executed="True" />
                    </results>
                  </test-suite>
                  <test-suite type="TestFixture" name="PSPreworkout.Command Help.Get-PowerShellPortable" executed="True" result="Success" success="True" time="1.1506" asserts="0" description="PSPreworkout.Command Help.Get-PowerShellPortable">
                    <results>
                      <test-case description="Includes a Synopsis" name="PSPreworkout.Command Help.Get-PowerShellPortable.Includes a Synopsis" time="0.0318" asserts="0" success="True" result="Success" executed="True" />
                      <test-case description="Includes a Description" name="PSPreworkout.Command Help.Get-PowerShellPortable.Includes a Description" time="0.0325" asserts="0" success="True" result="Success" executed="True" />
                      <test-case description="Includes an Example" name="PSPreworkout.Command Help.Get-PowerShellPortable.Includes an Example" time="0.0311" asserts="0" success="True" result="Success" executed="True" />
                    </results>
                  </test-suite>
                  <test-suite type="TestFixture" name="PSPreworkout.Command Help.Get-TypeAccelerator" executed="True" result="Success" success="True" time="1.2523" asserts="0" description="PSPreworkout.Command Help.Get-TypeAccelerator">
                    <results>
                      <test-case description="Includes a Synopsis" name="PSPreworkout.Command Help.Get-TypeAccelerator.Includes a Synopsis" time="0.0331" asserts="0" success="True" result="Success" executed="True" />
                      <test-case description="Includes a Description" name="PSPreworkout.Command Help.Get-TypeAccelerator.Includes a Description" time="0.0297" asserts="0" success="True" result="Success" executed="True" />
                      <test-case description="Includes an Example" name="PSPreworkout.Command Help.Get-TypeAccelerator.Includes an Example" time="0.0329" asserts="0" success="True" result="Success" executed="True" />
                    </results>
                  </test-suite>
                  <test-suite type="TestFixture" name="PSPreworkout.Command Help.Initialize-PSEnvironmentConfiguration" executed="True" result="Success" success="True" time="1.3591" asserts="0" description="PSPreworkout.Command Help.Initialize-PSEnvironmentConfiguration">
                    <results>
                      <test-case description="Includes a Synopsis" name="PSPreworkout.Command Help.Initialize-PSEnvironmentConfiguration.Includes a Synopsis" time="0.0336" asserts="0" success="True" result="Success" executed="True" />
                      <test-case description="Includes a Description" name="PSPreworkout.Command Help.Initialize-PSEnvironmentConfiguration.Includes a Description" time="0.0334" asserts="0" success="True" result="Success" executed="True" />
                      <test-case description="Includes an Example" name="PSPreworkout.Command Help.Initialize-PSEnvironmentConfiguration.Includes an Example" time="0.0348" asserts="0" success="True" result="Success" executed="True" />
                    </results>
                  </test-suite>
                  <test-suite type="TestFixture" name="PSPreworkout.Command Help.Install-CommandNotFoundUtility" executed="True" result="Success" success="True" time="1.455" asserts="0" description="PSPreworkout.Command Help.Install-CommandNotFoundUtility">
                    <results>
                      <test-case description="Includes a Synopsis" name="PSPreworkout.Command Help.Install-CommandNotFoundUtility.Includes a Synopsis" time="0.0317" asserts="0" success="True" result="Success" executed="True" />
                      <test-case description="Includes a Description" name="PSPreworkout.Command Help.Install-CommandNotFoundUtility.Includes a Description" time="0.0299" asserts="0" success="True" result="Success" executed="True" />
                      <test-case description="Includes an Example" name="PSPreworkout.Command Help.Install-CommandNotFoundUtility.Includes an Example" time="0.0296" asserts="0" success="True" result="Success" executed="True" />
                    </results>
                  </test-suite>
                  <test-suite type="TestFixture" name="PSPreworkout.Command Help.Install-OhMyPosh" executed="True" result="Success" success="True" time="1.5539" asserts="0" description="PSPreworkout.Command Help.Install-OhMyPosh">
                    <results>
                      <test-case description="Includes a Synopsis" name="PSPreworkout.Command Help.Install-OhMyPosh.Includes a Synopsis" time="0.0309" asserts="0" success="True" result="Success" executed="True" />
                      <test-case description="Includes a Description" name="PSPreworkout.Command Help.Install-OhMyPosh.Includes a Description" time="0.0298" asserts="0" success="True" result="Success" executed="True" />
                      <test-case description="Includes an Example" name="PSPreworkout.Command Help.Install-OhMyPosh.Includes an Example" time="0.0337" asserts="0" success="True" result="Success" executed="True" />
                    </results>
                  </test-suite>
                  <test-suite type="TestFixture" name="PSPreworkout.Command Help.Install-PowerShellISE" executed="True" result="Success" success="True" time="1.6435" asserts="0" description="PSPreworkout.Command Help.Install-PowerShellISE">
                    <results>
                      <test-case description="Includes a Synopsis" name="PSPreworkout.Command Help.Install-PowerShellISE.Includes a Synopsis" time="0.0296" asserts="0" success="True" result="Success" executed="True" />
                      <test-case description="Includes a Description" name="PSPreworkout.Command Help.Install-PowerShellISE.Includes a Description" time="0.0286" asserts="0" success="True" result="Success" executed="True" />
                      <test-case description="Includes an Example" name="PSPreworkout.Command Help.Install-PowerShellISE.Includes an Example" time="0.0275" asserts="0" success="True" result="Success" executed="True" />
                    </results>
                  </test-suite>
                  <test-suite type="TestFixture" name="PSPreworkout.Command Help.Install-WinGet" executed="True" result="Success" success="True" time="1.7335" asserts="0" description="PSPreworkout.Command Help.Install-WinGet">
                    <results>
                      <test-case description="Includes a Synopsis" name="PSPreworkout.Command Help.Install-WinGet.Includes a Synopsis" time="0.0291" asserts="0" success="True" result="Success" executed="True" />
                      <test-case description="Includes a Description" name="PSPreworkout.Command Help.Install-WinGet.Includes a Description" time="0.0284" asserts="0" success="True" result="Success" executed="True" />
                      <test-case description="Includes an Example" name="PSPreworkout.Command Help.Install-WinGet.Includes an Example" time="0.0284" asserts="0" success="True" result="Success" executed="True" />
                    </results>
                  </test-suite>
                  <test-suite type="TestFixture" name="PSPreworkout.Command Help.New-ScriptFromTemplate" executed="True" result="Success" success="True" time="1.8326" asserts="0" description="PSPreworkout.Command Help.New-ScriptFromTemplate">
                    <results>
                      <test-case description="Includes a Synopsis" name="PSPreworkout.Command Help.New-ScriptFromTemplate.Includes a Synopsis" time="0.0329" asserts="0" success="True" result="Success" executed="True" />
                      <test-case description="Includes a Description" name="PSPreworkout.Command Help.New-ScriptFromTemplate.Includes a Description" time="0.0304" asserts="0" success="True" result="Success" executed="True" />
                      <test-case description="Includes an Example" name="PSPreworkout.Command Help.New-ScriptFromTemplate.Includes an Example" time="0.0317" asserts="0" success="True" result="Success" executed="True" />
                    </results>
                  </test-suite>
                  <test-suite type="TestFixture" name="PSPreworkout.Command Help.Out-JsonFile" executed="True" result="Success" success="True" time="1.9279" asserts="0" description="PSPreworkout.Command Help.Out-JsonFile">
                    <results>
                      <test-case description="Includes a Synopsis" name="PSPreworkout.Command Help.Out-JsonFile.Includes a Synopsis" time="0.0308" asserts="0" success="True" result="Success" executed="True" />
                      <test-case description="Includes a Description" name="PSPreworkout.Command Help.Out-JsonFile.Includes a Description" time="0.0278" asserts="0" success="True" result="Success" executed="True" />
                      <test-case description="Includes an Example" name="PSPreworkout.Command Help.Out-JsonFile.Includes an Example" time="0.0297" asserts="0" success="True" result="Success" executed="True" />
                    </results>
                  </test-suite>
                  <test-suite type="TestFixture" name="PSPreworkout.Command Help.Set-ConsoleFont" executed="True" result="Success" success="True" time="2.0123" asserts="0" description="PSPreworkout.Command Help.Set-ConsoleFont">
                    <results>
                      <test-case description="Includes a Synopsis" name="PSPreworkout.Command Help.Set-ConsoleFont.Includes a Synopsis" time="0.0278" asserts="0" success="True" result="Success" executed="True" />
                      <test-case description="Includes a Description" name="PSPreworkout.Command Help.Set-ConsoleFont.Includes a Description" time="0.0267" asserts="0" success="True" result="Success" executed="True" />
                      <test-case description="Includes an Example" name="PSPreworkout.Command Help.Set-ConsoleFont.Includes an Example" time="0.0265" asserts="0" success="True" result="Success" executed="True" />
                    </results>
                  </test-suite>
                  <test-suite type="TestFixture" name="PSPreworkout.Command Help.Set-DefaultTerminal" executed="True" result="Success" success="True" time="2.0977" asserts="0" description="PSPreworkout.Command Help.Set-DefaultTerminal">
                    <results>
                      <test-case description="Includes a Synopsis" name="PSPreworkout.Command Help.Set-DefaultTerminal.Includes a Synopsis" time="0.0283" asserts="0" success="True" result="Success" executed="True" />
                      <test-case description="Includes a Description" name="PSPreworkout.Command Help.Set-DefaultTerminal.Includes a Description" time="0.0268" asserts="0" success="True" result="Success" executed="True" />
                      <test-case description="Includes an Example" name="PSPreworkout.Command Help.Set-DefaultTerminal.Includes an Example" time="0.0268" asserts="0" success="True" result="Success" executed="True" />
                    </results>
                  </test-suite>
                  <test-suite type="TestFixture" name="PSPreworkout.Command Help.Set-EnvironmentVariable" executed="True" result="Success" success="True" time="2.189" asserts="0" description="PSPreworkout.Command Help.Set-EnvironmentVariable">
                    <results>
                      <test-case description="Includes a Synopsis" name="PSPreworkout.Command Help.Set-EnvironmentVariable.Includes a Synopsis" time="0.0325" asserts="0" success="True" result="Success" executed="True" />
                      <test-case description="Includes a Description" name="PSPreworkout.Command Help.Set-EnvironmentVariable.Includes a Description" time="0.0276" asserts="0" success="True" result="Success" executed="True" />
                      <test-case description="Includes an Example" name="PSPreworkout.Command Help.Set-EnvironmentVariable.Includes an Example" time="0.0277" asserts="0" success="True" result="Success" executed="True" />
                    </results>
                  </test-suite>
                  <test-suite type="TestFixture" name="PSPreworkout.Command Help.Show-LoadedAssembly" executed="True" result="Success" success="True" time="2.2788" asserts="0" description="PSPreworkout.Command Help.Show-LoadedAssembly">
                    <results>
                      <test-case description="Includes a Synopsis" name="PSPreworkout.Command Help.Show-LoadedAssembly.Includes a Synopsis" time="0.0332" asserts="0" success="True" result="Success" executed="True" />
                      <test-case description="Includes a Description" name="PSPreworkout.Command Help.Show-LoadedAssembly.Includes a Description" time="0.0268" asserts="0" success="True" result="Success" executed="True" />
                      <test-case description="Includes an Example" name="PSPreworkout.Command Help.Show-LoadedAssembly.Includes an Example" time="0.0264" asserts="0" success="True" result="Success" executed="True" />
                    </results>
                  </test-suite>
                  <test-suite type="TestFixture" name="PSPreworkout.Command Help.Show-WithoutEmptyProperty" executed="True" result="Success" success="True" time="2.3927" asserts="0" description="PSPreworkout.Command Help.Show-WithoutEmptyProperty">
                    <results>
                      <test-case description="Includes a Synopsis" name="PSPreworkout.Command Help.Show-WithoutEmptyProperty.Includes a Synopsis" time="0.041" asserts="0" success="True" result="Success" executed="True" />
                      <test-case description="Includes a Description" name="PSPreworkout.Command Help.Show-WithoutEmptyProperty.Includes a Description" time="0.0414" asserts="0" success="True" result="Success" executed="True" />
                      <test-case description="Includes an Example" name="PSPreworkout.Command Help.Show-WithoutEmptyProperty.Includes an Example" time="0.0278" asserts="0" success="True" result="Success" executed="True" />
                    </results>
                  </test-suite>
                  <test-suite type="TestFixture" name="PSPreworkout.Command Help.Test-IsElevated" executed="True" result="Success" success="True" time="2.4957" asserts="0" description="PSPreworkout.Command Help.Test-IsElevated">
                    <results>
                      <test-case description="Includes a Synopsis" name="PSPreworkout.Command Help.Test-IsElevated.Includes a Synopsis" time="0.0329" asserts="0" success="True" result="Success" executed="True" />
                      <test-case description="Includes a Description" name="PSPreworkout.Command Help.Test-IsElevated.Includes a Description" time="0.0276" asserts="0" success="True" result="Success" executed="True" />
                      <test-case description="Includes an Example" name="PSPreworkout.Command Help.Test-IsElevated.Includes an Example" time="0.0378" asserts="0" success="True" result="Success" executed="True" />
                    </results>
                  </test-suite>
                  <test-suite type="TestFixture" name="PSPreworkout.Command Help.Update-AllTheThings" executed="True" result="Success" success="True" time="2.6333" asserts="0" description="PSPreworkout.Command Help.Update-AllTheThings">
                    <results>
                      <test-case description="Includes a Synopsis" name="PSPreworkout.Command Help.Update-AllTheThings.Includes a Synopsis" time="0.0444" asserts="0" success="True" result="Success" executed="True" />
                      <test-case description="Includes a Description" name="PSPreworkout.Command Help.Update-AllTheThings.Includes a Description" time="0.0433" asserts="0" success="True" result="Success" executed="True" />
                      <test-case description="Includes an Example" name="PSPreworkout.Command Help.Update-AllTheThings.Includes an Example" time="0.0451" asserts="0" success="True" result="Success" executed="True" />
                    </results>
                  </test-suite>
                </results>
              </test-suite>
            </results>
          </test-suite>
        </results>
      </test-suite>
      <test-suite type="TestFixture" name="/home/runner/work/PSPreworkout/PSPreworkout/src/Tests/Unit/Get-EnvironmentVariable.Tests.ps1" executed="True" result="Success" success="True" time="1.3923" asserts="0" description="/home/runner/work/PSPreworkout/PSPreworkout/src/Tests/Unit/Get-EnvironmentVariable.Tests.ps1">
        <results>
          <test-suite type="TestFixture" name="Get-EnvironmentVariable" executed="True" result="Success" success="True" time="1.3306" asserts="0" description="Get-EnvironmentVariable">
            <results>
              <test-suite type="TestFixture" name="Get-EnvironmentVariable.Parameter Validation" executed="True" result="Success" success="True" time="0.0652" asserts="0" description="Get-EnvironmentVariable.Parameter Validation">
                <results>
                  <test-case description="Should have the correct parameter sets" name="Get-EnvironmentVariable.Parameter Validation.Should have the correct parameter sets" time="0.0198" asserts="0" success="True" result="Success" executed="True" />
                  <test-case description="Should have the correct alias" name="Get-EnvironmentVariable.Parameter Validation.Should have the correct alias" time="0.0088" asserts="0" success="True" result="Success" executed="True" />
                  <test-case description="Should validate that Name parameter is not null or empty" name="Get-EnvironmentVariable.Parameter Validation.Should validate that Name parameter is not null or empty" time="0.0264" asserts="0" success="True" result="Success" executed="True" />
                  <test-case description="Should validate that Pattern parameter is not null or empty" name="Get-EnvironmentVariable.Parameter Validation.Should validate that Pattern parameter is not null or empty" time="0.0072" asserts="0" success="True" result="Success" executed="True" />
                </results>
              </test-suite>
              <test-suite type="TestFixture" name="Get-EnvironmentVariable.Default Behavior (No Parameters)" executed="True" result="Success" success="True" time="0.3901" asserts="0" description="Get-EnvironmentVariable.Default Behavior (No Parameters)">
                <results>
                  <test-case description="Should return all environment variables from all targets when no parameters are specified" name="Get-EnvironmentVariable.Default Behavior (No Parameters).Should return all environment variables from all targets when no parameters are specified" time="0.1276" asserts="0" success="True" result="Success" executed="True" />
                  <test-case description="Should return objects with the correct PSTypeName" name="Get-EnvironmentVariable.Default Behavior (No Parameters).Should return objects with the correct PSTypeName" time="0.0896" asserts="0" success="True" result="Success" executed="True" />
                  <test-case description="Should return objects with expected properties" name="Get-EnvironmentVariable.Default Behavior (No Parameters).Should return objects with expected properties" time="0.1051" asserts="0" success="True" result="Success" executed="True" />
                </results>
              </test-suite>
              <test-suite type="TestFixture" name="Get-EnvironmentVariable.Name Parameter Tests" executed="True" result="Success" success="True" time="0.4302" asserts="0" description="Get-EnvironmentVariable.Name Parameter Tests">
                <results>
                  <test-case description="Should return the correct environment variable when Name is specified" name="Get-EnvironmentVariable.Name Parameter Tests.Should return the correct environment variable when Name is specified" time="0.0155" asserts="0" success="True" result="Success" executed="True" />
                  <test-case description="Should return environment variable from specific target when Name and Target are specified" name="Get-EnvironmentVariable.Name Parameter Tests.Should return environment variable from specific target when Name and Target are specified" time="0.0046" asserts="0" success="True" result="Success" executed="True" />
                  <test-case description="Should return environment variables from multiple targets when Name and multiple Targets are specified" name="Get-EnvironmentVariable.Name Parameter Tests.Should return environment variables from multiple targets when Name and multiple Targets are specified" time="0.0061" asserts="0" success="True" result="Success" executed="True" />
                  <test-case description="Should ignore -All switch when Name is specified with Target" name="Get-EnvironmentVariable.Name Parameter Tests.Should ignore -All switch when Name is specified with Target" time="0.0039" asserts="0" success="True" result="Success" executed="True" />
                  <test-case description="Should return empty result for non-existent environment variable" name="Get-EnvironmentVariable.Name Parameter Tests.Should return empty result for non-existent environment variable" time="0.007" asserts="0" success="True" result="Success" executed="True" />
                </results>
              </test-suite>
              <test-suite type="TestFixture" name="Get-EnvironmentVariable.Pattern Parameter Tests" executed="True" result="Success" success="True" time="0.4733" asserts="0" description="Get-EnvironmentVariable.Pattern Parameter Tests">
                <results>
                  <test-case description="Should return environment variables matching regex pattern" name="Get-EnvironmentVariable.Pattern Parameter Tests.Should return environment variables matching regex pattern" time="0.0145" asserts="0" success="True" result="Success" executed="True" />
                  <test-case description="Should return pattern matches from specific target" name="Get-EnvironmentVariable.Pattern Parameter Tests.Should return pattern matches from specific target" time="0.0039" asserts="0" success="True" result="Success" executed="True" />
                  <test-case description="Should return pattern matches from multiple targets" name="Get-EnvironmentVariable.Pattern Parameter Tests.Should return pattern matches from multiple targets" time="0.0121" asserts="0" success="True" result="Success" executed="True" />
                  <test-case description="Should ignore -All switch when Pattern is specified with Target" name="Get-EnvironmentVariable.Pattern Parameter Tests.Should ignore -All switch when Pattern is specified with Target" time="0.0036" asserts="0" success="True" result="Success" executed="True" />
                  <test-case description="Should return empty result for pattern with no matches" name="Get-EnvironmentVariable.Pattern Parameter Tests.Should return empty result for pattern with no matches" time="0.0062" asserts="0" success="True" result="Success" executed="True" />
                </results>
              </test-suite>
              <test-suite type="TestFixture" name="Get-EnvironmentVariable.Target Parameter Tests" executed="True" result="Success" success="True" time="0.7587" asserts="0" description="Get-EnvironmentVariable.Target Parameter Tests">
                <results>
                  <test-case description="Should return environment variables from specific target" name="Get-EnvironmentVariable.Target Parameter Tests.Should return environment variables from specific target" time="0.1933" asserts="0" success="True" result="Success" executed="True" />
                  <test-case description="Should return environment variables from multiple specified targets" name="Get-EnvironmentVariable.Target Parameter Tests.Should return environment variables from multiple specified targets" time="0.0046" asserts="0" success="True" result="Success" executed="True" />
                  <test-case description="Should return environment variables from all targets when Target includes all three" name="Get-EnvironmentVariable.Target Parameter Tests.Should return environment variables from all targets when Target includes all three" time="0.0849" asserts="0" success="True" result="Success" executed="True" />
                </results>
              </test-suite>
              <test-suite type="TestFixture" name="Get-EnvironmentVariable.Target and All Parameter Tests" executed="True" result="Success" success="True" time="0.9479" asserts="0" description="Get-EnvironmentVariable.Target and All Parameter Tests">
                <results>
                  <test-case description="Should return all environment variables from specific target when Target and All are specified" name="Get-EnvironmentVariable.Target and All Parameter Tests.Should return all environment variables from specific target when Target and All are specified" time="0.1825" asserts="0" success="True" result="Success" executed="True" />
                  <test-case description="Should return all environment variables from multiple targets when Target and All are specified" name="Get-EnvironmentVariable.Target and All Parameter Tests.Should return all environment variables from multiple targets when Target and All are specified" time="0.0041" asserts="0" success="True" result="Success" executed="True" />
                </results>
              </test-suite>
              <test-suite type="TestFixture" name="Get-EnvironmentVariable.Process-Specific Properties" executed="True" result="Success" success="True" time="1.0419" asserts="0" description="Get-EnvironmentVariable.Process-Specific Properties">
                <results>
                  <test-case description="Should include PID and ProcessName for Process target environment variables" name="Get-EnvironmentVariable.Process-Specific Properties.Should include PID and ProcessName for Process target environment variables" time="0.0875" asserts="0" success="True" result="Success" executed="True" />
                  <test-case description="Should have null PID and ProcessName for non-Process targets" name="Get-EnvironmentVariable.Process-Specific Properties.Should have null PID and ProcessName for non-Process targets" time="0.004" asserts="0" success="True" result="Success" executed="True" />
                </results>
              </test-suite>
              <test-suite type="TestFixture" name="Get-EnvironmentVariable.Edge Cases and Error Handling" executed="True" result="Success" success="True" time="1.0859" asserts="0" description="Get-EnvironmentVariable.Edge Cases and Error Handling">
                <results>
                  <test-case description="Should handle case-insensitive environment variable names on Windows" name="Get-EnvironmentVariable.Edge Cases and Error Handling.Should handle case-insensitive environment variable names on Windows" time="0.0036" asserts="0" success="True" result="Success" executed="True" />
                  <test-case description="Should handle regex special characters in Name parameter by escaping them" name="Get-EnvironmentVariable.Edge Cases and Error Handling.Should handle regex special characters in Name parameter by escaping them" time="0.0125" asserts="0" success="True" result="Success" executed="True" />
                  <test-case description="Should handle invalid regex patterns by throwing an appropriate error" name="Get-EnvironmentVariable.Edge Cases and Error Handling.Should handle invalid regex patterns by throwing an appropriate error" time="0.0084" asserts="0" success="True" result="Success" executed="True" />
                  <test-case description="Should handle valid but complex regex patterns" name="Get-EnvironmentVariable.Edge Cases and Error Handling.Should handle valid but complex regex patterns" time="0.0168" asserts="0" success="True" result="Success" executed="True" />
                </results>
              </test-suite>
              <test-suite type="TestFixture" name="Get-EnvironmentVariable.Output Format and Type" executed="True" result="Success" success="True" time="1.2678" asserts="0" description="Get-EnvironmentVariable.Output Format and Type">
                <results>
                  <test-case description="Should return objects of type PSObject" name="Get-EnvironmentVariable.Output Format and Type.Should return objects of type PSObject" time="0.0959" asserts="0" success="True" result="Success" executed="True" />
                  <test-case description="Should return a collection that can be filtered and sorted" name="Get-EnvironmentVariable.Output Format and Type.Should return a collection that can be filtered and sorted" time="0.0835" asserts="0" success="True" result="Success" executed="True" />
                </results>
              </test-suite>
              <test-suite type="TestFixture" name="Get-EnvironmentVariable.Verbose Output" executed="True" result="Success" success="True" time="1.328" asserts="0" description="Get-EnvironmentVariable.Verbose Output">
                <results>
                  <test-case description="Should produce verbose output when -Verbose is specified" name="Get-EnvironmentVariable.Verbose Output.Should produce verbose output when -Verbose is specified" time="0.0577" asserts="0" success="True" result="Success" executed="True" />
                </results>
              </test-suite>
            </results>
          </test-suite>
        </results>
      </test-suite>
      <test-suite type="TestFixture" name="/home/runner/work/PSPreworkout/PSPreworkout/src/Tests/Unit/Get-LoadedAssembly.Tests.ps1" executed="True" result="Success" success="True" time="0.5984" asserts="0" description="/home/runner/work/PSPreworkout/PSPreworkout/src/Tests/Unit/Get-LoadedAssembly.Tests.ps1">
        <results>
          <test-suite type="TestFixture" name="Get-LoadedAssembly Tests" executed="True" result="Success" success="True" time="0.5825" asserts="0" description="Get-LoadedAssembly Tests">
            <results>
              <test-suite type="TestFixture" name="Get-LoadedAssembly Tests.Function Tests" executed="True" result="Success" success="True" time="0.5805" asserts="0" description="Get-LoadedAssembly Tests.Function Tests">
                <results>
                  <test-case description="Function should exist" name="Get-LoadedAssembly Tests.Function Tests.Function should exist" time="0.0061" asserts="0" success="True" result="Success" executed="True" />
                  <test-case description="Function should have correct alias" name="Get-LoadedAssembly Tests.Function Tests.Function should have correct alias" time="0.0055" asserts="0" success="True" result="Success" executed="True" />
                  <test-case description="Function should have valid HelpUri" name="Get-LoadedAssembly Tests.Function Tests.Function should have valid HelpUri" time="0.0065" asserts="0" success="True" result="Success" executed="True" />
                  <test-case description="Function should return non-empty output" name="Get-LoadedAssembly Tests.Function Tests.Function should return non-empty output" time="0.5597" asserts="0" success="True" result="Success" executed="True" />
                </results>
              </test-suite>
            </results>
          </test-suite>
        </results>
      </test-suite>
      <test-suite type="TestFixture" name="/home/runner/work/PSPreworkout/PSPreworkout/src/Tests/Unit/Get-ModulesWithUpdate.Tests.ps1" executed="True" result="Success" success="True" time="5.2953" asserts="0" description="/home/runner/work/PSPreworkout/PSPreworkout/src/Tests/Unit/Get-ModulesWithUpdate.Tests.ps1">
        <results>
          <test-suite type="TestFixture" name="Get-ModulesWithUpdate" executed="True" result="Success" success="True" time="5.1064" asserts="0" description="Get-ModulesWithUpdate">
            <results>
              <test-suite type="TestFixture" name="Get-ModulesWithUpdate.Basic Functionality" executed="True" result="Success" success="True" time="1.6254" asserts="0" description="Get-ModulesWithUpdate.Basic Functionality">
                <results>
                  <test-case description="Should return modules with updates available" name="Get-ModulesWithUpdate.Basic Functionality.Should return modules with updates available" time="0.4484" asserts="0" success="True" result="Success" executed="True" />
                  <test-case description="Should handle prerelease modules correctly" name="Get-ModulesWithUpdate.Basic Functionality.Should handle prerelease modules correctly" time="0.2991" asserts="0" success="True" result="Success" executed="True" />
                  <test-case description="Should return custom PSPreworkout.ModuleInfo objects" name="Get-ModulesWithUpdate.Basic Functionality.Should return custom PSPreworkout.ModuleInfo objects" time="0.3127" asserts="0" success="True" result="Success" executed="True" />
                  <test-case description="Should include all required properties" name="Get-ModulesWithUpdate.Basic Functionality.Should include all required properties" time="0.2766" asserts="0" success="True" result="Success" executed="True" />
                  <test-case description="Should include prerelease status properties" name="Get-ModulesWithUpdate.Basic Functionality.Should include prerelease status properties" time="0.286" asserts="0" success="True" result="Success" executed="True" />
                </results>
              </test-suite>
              <test-suite type="TestFixture" name="Get-ModulesWithUpdate.Version Normalization" executed="True" result="Success" success="True" time="2.5671" asserts="0" description="Get-ModulesWithUpdate.Version Normalization">
                <results>
                  <test-case description="Should normalize 3-part versions correctly" name="Get-ModulesWithUpdate.Version Normalization.Should normalize 3-part versions correctly" time="0.2869" asserts="0" success="True" result="Success" executed="True" />
                  <test-case description="Should normalize 4-part versions correctly" name="Get-ModulesWithUpdate.Version Normalization.Should normalize 4-part versions correctly" time="0.322" asserts="0" success="True" result="Success" executed="True" />
                  <test-case description="Should handle versions with Build/Revision of -1" name="Get-ModulesWithUpdate.Version Normalization.Should handle versions with Build/Revision of -1" time="0.3304" asserts="0" success="True" result="Success" executed="True" />
                </results>
              </test-suite>
              <test-suite type="TestFixture" name="Get-ModulesWithUpdate.Prerelease Detection" executed="True" result="Success" success="True" time="3.1747" asserts="0" description="Get-ModulesWithUpdate.Prerelease Detection">
                <results>
                  <test-case description="Should detect prerelease from IsPrerelease property" name="Get-ModulesWithUpdate.Prerelease Detection.Should detect prerelease from IsPrerelease property" time="0.3014" asserts="0" success="True" result="Success" executed="True" />
                  <test-case description="Should handle modules with unreliable IsPrerelease property" name="Get-ModulesWithUpdate.Prerelease Detection.Should handle modules with unreliable IsPrerelease property" time="0.3036" asserts="0" success="True" result="Success" executed="True" />
                </results>
              </test-suite>
              <test-suite type="TestFixture" name="Get-ModulesWithUpdate.Error Handling" executed="True" result="Success" success="True" time="3.7295" asserts="0" description="Get-ModulesWithUpdate.Error Handling">
                <results>
                  <test-case description="Should handle modules not found in repository" name="Get-ModulesWithUpdate.Error Handling.Should handle modules not found in repository" time="0.2718" asserts="0" success="True" result="Success" executed="True" />
                  <test-case description="Should handle version parsing errors gracefully" name="Get-ModulesWithUpdate.Error Handling.Should handle version parsing errors gracefully" time="0.2806" asserts="0" success="True" result="Success" executed="True" />
                </results>
              </test-suite>
              <test-suite type="TestFixture" name="Get-ModulesWithUpdate.Parameter Validation" executed="True" result="Success" success="True" time="4.4923" asserts="0" description="Get-ModulesWithUpdate.Parameter Validation">
                <results>
                  <test-case description="Should accept wildcard patterns" name="Get-ModulesWithUpdate.Parameter Validation.Should accept wildcard patterns" time="0.2415" asserts="0" success="True" result="Success" executed="True" />
                  <test-case description="Should accept multiple module names" name="Get-ModulesWithUpdate.Parameter Validation.Should accept multiple module names" time="0.2828" asserts="0" success="True" result="Success" executed="True" />
                  <test-case description="Should handle empty results gracefully" name="Get-ModulesWithUpdate.Parameter Validation.Should handle empty results gracefully" time="0.2363" asserts="0" success="True" result="Success" executed="True" />
                </results>
              </test-suite>
              <test-suite type="TestFixture" name="Get-ModulesWithUpdate.PassThru Parameter" executed="True" result="Success" success="True" time="4.8293" asserts="0" description="Get-ModulesWithUpdate.PassThru Parameter">
                <results>
                  <test-case description="Should return objects when PassThru is specified" name="Get-ModulesWithUpdate.PassThru Parameter.Should return objects when PassThru is specified" time="0.3353" asserts="0" success="True" result="Success" executed="True" />
                </results>
              </test-suite>
              <test-suite type="TestFixture" name="Get-ModulesWithUpdate.Scope Priority Logic" executed="True" result="Success" success="True" time="5.1032" asserts="0" description="Get-ModulesWithUpdate.Scope Priority Logic">
                <results>
                  <test-case description="Should prioritize CurrentUser scope over AllUsers scope" name="Get-ModulesWithUpdate.Scope Priority Logic.Should prioritize CurrentUser scope over AllUsers scope" time="0.2721" asserts="0" success="True" result="Success" executed="True" />
                </results>
              </test-suite>
            </results>
          </test-suite>
        </results>
      </test-suite>
      <test-suite type="TestFixture" name="/home/runner/work/PSPreworkout/PSPreworkout/src/Tests/Unit/Get-PowerShellPortable.Tests.ps1" executed="True" result="Success" success="True" time="0.0588" asserts="0" description="/home/runner/work/PSPreworkout/PSPreworkout/src/Tests/Unit/Get-PowerShellPortable.Tests.ps1">
        <results>
          <test-suite type="TestFixture" name="Get-PowerShellPortable Tests" executed="True" result="Success" success="True" time="0.0247" asserts="0" description="Get-PowerShellPortable Tests">
            <results>
              <test-suite type="TestFixture" name="Get-PowerShellPortable Tests.Function Tests" executed="True" result="Success" success="True" time="0.0232" asserts="0" description="Get-PowerShellPortable Tests.Function Tests">
                <results>
                  <test-case description="Function should exist" name="Get-PowerShellPortable Tests.Function Tests.Function should exist" time="0.0032" asserts="0" success="True" result="Success" executed="True" />
                  <test-case description="Function should have valid HelpUri" name="Get-PowerShellPortable Tests.Function Tests.Function should have valid HelpUri" time="0.0028" asserts="0" success="True" result="Success" executed="True" />
                  <test-case description="Function should determine correct download URL for Windows" name="Get-PowerShellPortable Tests.Function Tests.Function should determine correct download URL for Windows" time="0.0028" asserts="0" success="True" result="Success" executed="True" />
                  <test-case description="Function should determine correct download URL for Linux" name="Get-PowerShellPortable Tests.Function Tests.Function should determine correct download URL for Linux" time="0.0028" asserts="0" success="True" result="Success" executed="True" />
                  <test-case description="Function should determine correct download URL for macOS" name="Get-PowerShellPortable Tests.Function Tests.Function should determine correct download URL for macOS" time="0.0027" asserts="0" success="True" result="Success" executed="True" />
                </results>
              </test-suite>
            </results>
          </test-suite>
        </results>
      </test-suite>
      <test-suite type="TestFixture" name="/home/runner/work/PSPreworkout/PSPreworkout/src/Tests/Unit/Get-TypeAccelerator.Tests.ps1" executed="True" result="Success" success="True" time="1.1807" asserts="0" description="/home/runner/work/PSPreworkout/PSPreworkout/src/Tests/Unit/Get-TypeAccelerator.Tests.ps1">
        <results>
          <test-suite type="TestFixture" name="Get-TypeAccelerator Tests" executed="True" result="Success" success="True" time="1.1654" asserts="0" description="Get-TypeAccelerator Tests">
            <results>
              <test-suite type="TestFixture" name="Get-TypeAccelerator Tests.Function Tests" executed="True" result="Success" success="True" time="1.1639" asserts="0" description="Get-TypeAccelerator Tests.Function Tests">
                <results>
                  <test-case description="Function should exist" name="Get-TypeAccelerator Tests.Function Tests.Function should exist" time="0.0028" asserts="0" success="True" result="Success" executed="True" />
                  <test-case description="Function should have valid HelpUri" name="Get-TypeAccelerator Tests.Function Tests.Function should have valid HelpUri" time="0.0026" asserts="0" success="True" result="Success" executed="True" />
                  <test-case description="Function should return an object" name="Get-TypeAccelerator Tests.Function Tests.Function should return an object" time="0.381" asserts="0" success="True" result="Success" executed="True" />
                  <test-case description="Function should return non-empty output" name="Get-TypeAccelerator Tests.Function Tests.Function should return non-empty output" time="0.2698" asserts="0" success="True" result="Success" executed="True" />
                  <test-case description="Function should filter by exact name" name="Get-TypeAccelerator Tests.Function Tests.Function should filter by exact name" time="0.2348" asserts="0" success="True" result="Success" executed="True" />
                  <test-case description="Function should filter by wildcard name" name="Get-TypeAccelerator Tests.Function Tests.Function should filter by wildcard name" time="0.2699" asserts="0" success="True" result="Success" executed="True" />
                </results>
              </test-suite>
            </results>
          </test-suite>
        </results>
      </test-suite>
      <test-suite type="TestFixture" name="/home/runner/work/PSPreworkout/PSPreworkout/src/Tests/Unit/PSPreworkout-Module.Tests.ps1" executed="True" result="Success" success="True" time="0.073" asserts="0" description="/home/runner/work/PSPreworkout/PSPreworkout/src/Tests/Unit/PSPreworkout-Module.Tests.ps1">
        <results>
          <test-suite type="TestFixture" name="Module Tests" executed="True" result="Success" success="True" time="0.0438" asserts="0" description="Module Tests">
            <results>
              <test-suite type="TestFixture" name="Module Tests.Module Tests" executed="True" result="Success" success="True" time="0.0422" asserts="0" description="Module Tests.Module Tests">
                <results>
                  <test-case description="Passes Test-ModuleManifest" name="Module Tests.Module Tests.Passes Test-ModuleManifest" time="0.0041" asserts="0" success="True" result="Success" executed="True" />
                  <test-case description="root module PSPreworkout.psm1 should exist" name="Module Tests.Module Tests.root module PSPreworkout.psm1 should exist" time="0.0031" asserts="0" success="True" result="Success" executed="True" />
                  <test-case description="manifest should contain PSPreworkout.psm1" name="Module Tests.Module Tests.manifest should contain PSPreworkout.psm1" time="0.0035" asserts="0" success="True" result="Success" executed="True" />
                  <test-case description="should have a matching module name in the manifest" name="Module Tests.Module Tests.should have a matching module name in the manifest" time="0.0023" asserts="0" success="True" result="Success" executed="True" />
                  <test-case description="should have a valid description in the manifest" name="Module Tests.Module Tests.should have a valid description in the manifest" time="0.0027" asserts="0" success="True" result="Success" executed="True" />
                  <test-case description="should have a valid author in the manifest" name="Module Tests.Module Tests.should have a valid author in the manifest" time="0.0027" asserts="0" success="True" result="Success" executed="True" />
                  <test-case description="should have a valid version in the manifest" name="Module Tests.Module Tests.should have a valid version in the manifest" time="0.002" asserts="0" success="True" result="Success" executed="True" />
                  <test-case description="should have a valid guid in the manifest" name="Module Tests.Module Tests.should have a valid guid in the manifest" time="0.0048" asserts="0" success="True" result="Success" executed="True" />
                  <test-case description="should not have any spaces in the tags" name="Module Tests.Module Tests.should not have any spaces in the tags" time="0.01" asserts="0" success="True" result="Success" executed="True" />
                  <test-case description="should have a valid project Uri" name="Module Tests.Module Tests.should have a valid project Uri" time="0.0047" asserts="0" success="True" result="Success" executed="True" />
                </results>
              </test-suite>
            </results>
          </test-suite>
        </results>
      </test-suite>
    </results>
  </test-suite>
</test-results>