<?xml version="1.0" encoding="utf-8" standalone="no"?>
<test-results xmlns:xsi="http://www.w3.org/2001/XMLSchema-instance" xsi:noNamespaceSchemaLocation="nunit_schema_2.5.xsd" name="Pester" total="177" errors="0" failures="0" not-run="0" inconclusive="0" ignored="0" skipped="0" invalid="0" date="2025-07-15" time="10:25:10">
  <environment platform="Linux" user-domain="" machine-name="pkrvmq0rgcvqdmg" nunit-version="2.5.8.0" user="runner" clr-version="8.0.15" cwd="/home/runner/work/PSPreworkout/PSPreworkout/src/Tests/Unit" os-version="6.11.0-1018-azure" />
  <culture-info current-culture="" current-uiculture="" />
  <test-suite type="TestFixture" name="Pester" executed="True" result="Success" success="True" time="6.7441" asserts="0" description="Pester">
    <results>
      <test-suite type="TestFixture" name="/home/runner/work/PSPreworkout/PSPreworkout/src/Tests/Unit/ExportedFunctions.Tests.ps1" executed="True" result="Success" success="True" time="4.6166" asserts="0" description="/home/runner/work/PSPreworkout/PSPreworkout/src/Tests/Unit/ExportedFunctions.Tests.ps1">
        <results>
          <test-suite type="TestFixture" name="PSPreworkout" executed="True" result="Success" success="True" time="3.945" asserts="0" description="PSPreworkout">
            <results>
              <test-suite type="TestFixture" name="PSPreworkout.Exported Commands" executed="True" result="Success" success="True" time="0.6924" asserts="0" description="PSPreworkout.Exported Commands">
                <results>
                  <test-suite type="TestFixture" name="PSPreworkout.Exported Commands.Number of commands" executed="True" result="Success" success="True" time="0.1691" asserts="0" description="PSPreworkout.Exported Commands.Number of commands">
                    <results>
                      <test-case description="Exports the same number of public functions as what is listed in the Module Manifest" name="PSPreworkout.Exported Commands.Number of commands.Exports the same number of public functions as what is listed in the Module Manifest" time="0.1403" asserts="0" success="True" result="Success" executed="True" />
                    </results>
                  </test-suite>
                  <test-suite type="TestFixture" name="PSPreworkout.Exported Commands.Explicitly exported commands" executed="True" result="Success" success="True" time="0.6847" asserts="0" description="PSPreworkout.Exported Commands.Explicitly exported commands">
                    <results>
                      <test-suite type="ParameterizedTest" name="PSPreworkout.Exported Commands.Explicitly exported commands.Includes &lt;_&gt; in the Module Manifest ExportedFunctions" executed="True" result="Success" success="True" time="0.5001" asserts="0" description="Includes &lt;_&gt; in the Module Manifest ExportedFunctions">
                        <results>
                          <test-case description="Includes Edit-HistoryFile in the Module Manifest ExportedFunctions" name="PSPreworkout.Exported Commands.Explicitly exported commands.Includes Edit-HistoryFile in the Module Manifest ExportedFunctions" time="0.0185" asserts="0" success="True" result="Success" executed="True" />
                          <test-case description="Includes Get-Assembly in the Module Manifest ExportedFunctions" name="PSPreworkout.Exported Commands.Explicitly exported commands.Includes Get-Assembly in the Module Manifest ExportedFunctions" time="0.0121" asserts="0" success="True" result="Success" executed="True" />
                          <test-case description="Includes Get-PSPortable in the Module Manifest ExportedFunctions" name="PSPreworkout.Exported Commands.Explicitly exported commands.Includes Get-PSPortable in the Module Manifest ExportedFunctions" time="0.0095" asserts="0" success="True" result="Success" executed="True" />
                          <test-case description="Includes Init-PSEnvConfig in the Module Manifest ExportedFunctions" name="PSPreworkout.Exported Commands.Explicitly exported commands.Includes Init-PSEnvConfig in the Module Manifest ExportedFunctions" time="0.0079" asserts="0" success="True" result="Success" executed="True" />
                          <test-case description="Includes New-Script in the Module Manifest ExportedFunctions" name="PSPreworkout.Exported Commands.Explicitly exported commands.Includes New-Script in the Module Manifest ExportedFunctions" time="0.0103" asserts="0" success="True" result="Success" executed="True" />
                          <test-case description="Includes Show-LoadedAssemblies in the Module Manifest ExportedFunctions" name="PSPreworkout.Exported Commands.Explicitly exported commands.Includes Show-LoadedAssemblies in the Module Manifest ExportedFunctions" time="0.008" asserts="0" success="True" result="Success" executed="True" />
                          <test-case description="Includes Edit-PSReadLineHistoryFile in the Module Manifest ExportedFunctions" name="PSPreworkout.Exported Commands.Explicitly exported commands.Includes Edit-PSReadLineHistoryFile in the Module Manifest ExportedFunctions" time="0.0124" asserts="0" success="True" result="Success" executed="True" />
                          <test-case description="Includes Edit-WingetSettingsFile in the Module Manifest ExportedFunctions" name="PSPreworkout.Exported Commands.Explicitly exported commands.Includes Edit-WingetSettingsFile in the Module Manifest ExportedFunctions" time="0.0132" asserts="0" success="True" result="Success" executed="True" />
                          <test-case description="Includes Get-CommandHistory in the Module Manifest ExportedFunctions" name="PSPreworkout.Exported Commands.Explicitly exported commands.Includes Get-CommandHistory in the Module Manifest ExportedFunctions" time="0.0127" asserts="0" success="True" result="Success" executed="True" />
                          <test-case description="Includes Get-EnvironmentVariable in the Module Manifest ExportedFunctions" name="PSPreworkout.Exported Commands.Explicitly exported commands.Includes Get-EnvironmentVariable in the Module Manifest ExportedFunctions" time="0.0613" asserts="0" success="True" result="Success" executed="True" />
                          <test-case description="Includes Get-HashtableValueType in the Module Manifest ExportedFunctions" name="PSPreworkout.Exported Commands.Explicitly exported commands.Includes Get-HashtableValueType in the Module Manifest ExportedFunctions" time="0.0388" asserts="0" success="True" result="Success" executed="True" />
                          <test-case description="Includes Get-LoadedAssembly in the Module Manifest ExportedFunctions" name="PSPreworkout.Exported Commands.Explicitly exported commands.Includes Get-LoadedAssembly in the Module Manifest ExportedFunctions" time="0.0323" asserts="0" success="True" result="Success" executed="True" />
                          <test-case description="Includes Get-ModulesWithUpdate in the Module Manifest ExportedFunctions" name="PSPreworkout.Exported Commands.Explicitly exported commands.Includes Get-ModulesWithUpdate in the Module Manifest ExportedFunctions" time="0.0307" asserts="0" success="True" result="Success" executed="True" />
                          <test-case description="Includes Get-PowerShellPortable in the Module Manifest ExportedFunctions" name="PSPreworkout.Exported Commands.Explicitly exported commands.Includes Get-PowerShellPortable in the Module Manifest ExportedFunctions" time="0.0436" asserts="0" success="True" result="Success" executed="True" />
                          <test-case description="Includes Get-TypeAccelerator in the Module Manifest ExportedFunctions" name="PSPreworkout.Exported Commands.Explicitly exported commands.Includes Get-TypeAccelerator in the Module Manifest ExportedFunctions" time="0.0114" asserts="0" success="True" result="Success" executed="True" />
                          <test-case description="Includes Initialize-PSEnvironmentConfiguration in the Module Manifest ExportedFunctions" name="PSPreworkout.Exported Commands.Explicitly exported commands.Includes Initialize-PSEnvironmentConfiguration in the Module Manifest ExportedFunctions" time="0.0168" asserts="0" success="True" result="Success" executed="True" />
                          <test-case description="Includes Install-CommandNotFoundUtility in the Module Manifest ExportedFunctions" name="PSPreworkout.Exported Commands.Explicitly exported commands.Includes Install-CommandNotFoundUtility in the Module Manifest ExportedFunctions" time="0.0143" asserts="0" success="True" result="Success" executed="True" />
                          <test-case description="Includes Install-OhMyPosh in the Module Manifest ExportedFunctions" name="PSPreworkout.Exported Commands.Explicitly exported commands.Includes Install-OhMyPosh in the Module Manifest ExportedFunctions" time="0.0116" asserts="0" success="True" result="Success" executed="True" />
                          <test-case description="Includes Install-PowerShellISE in the Module Manifest ExportedFunctions" name="PSPreworkout.Exported Commands.Explicitly exported commands.Includes Install-PowerShellISE in the Module Manifest ExportedFunctions" time="0.0104" asserts="0" success="True" result="Success" executed="True" />
                          <test-case description="Includes Install-WinGet in the Module Manifest ExportedFunctions" name="PSPreworkout.Exported Commands.Explicitly exported commands.Includes Install-WinGet in the Module Manifest ExportedFunctions" time="0.0105" asserts="0" success="True" result="Success" executed="True" />
                          <test-case description="Includes New-Credential in the Module Manifest ExportedFunctions" name="PSPreworkout.Exported Commands.Explicitly exported commands.Includes New-Credential in the Module Manifest ExportedFunctions" time="0.0104" asserts="0" success="True" result="Success" executed="True" />
                          <test-case description="Includes New-ScriptFromTemplate in the Module Manifest ExportedFunctions" name="PSPreworkout.Exported Commands.Explicitly exported commands.Includes New-ScriptFromTemplate in the Module Manifest ExportedFunctions" time="0.017" asserts="0" success="True" result="Success" executed="True" />
                          <test-case description="Includes Out-JsonFile in the Module Manifest ExportedFunctions" name="PSPreworkout.Exported Commands.Explicitly exported commands.Includes Out-JsonFile in the Module Manifest ExportedFunctions" time="0.0112" asserts="0" success="True" result="Success" executed="True" />
                          <test-case description="Includes Set-ConsoleFont in the Module Manifest ExportedFunctions" name="PSPreworkout.Exported Commands.Explicitly exported commands.Includes Set-ConsoleFont in the Module Manifest ExportedFunctions" time="0.0111" asserts="0" success="True" result="Success" executed="True" />
                          <test-case description="Includes Set-DefaultTerminal in the Module Manifest ExportedFunctions" name="PSPreworkout.Exported Commands.Explicitly exported commands.Includes Set-DefaultTerminal in the Module Manifest ExportedFunctions" time="0.0107" asserts="0" success="True" result="Success" executed="True" />
                          <test-case description="Includes Set-EnvironmentVariable in the Module Manifest ExportedFunctions" name="PSPreworkout.Exported Commands.Explicitly exported commands.Includes Set-EnvironmentVariable in the Module Manifest ExportedFunctions" time="0.0107" asserts="0" success="True" result="Success" executed="True" />
                          <test-case description="Includes Show-LoadedAssembly in the Module Manifest ExportedFunctions" name="PSPreworkout.Exported Commands.Explicitly exported commands.Includes Show-LoadedAssembly in the Module Manifest ExportedFunctions" time="0.0112" asserts="0" success="True" result="Success" executed="True" />
                          <test-case description="Includes Show-WithoutEmptyProperty in the Module Manifest ExportedFunctions" name="PSPreworkout.Exported Commands.Explicitly exported commands.Includes Show-WithoutEmptyProperty in the Module Manifest ExportedFunctions" time="0.0111" asserts="0" success="True" result="Success" executed="True" />
                          <test-case description="Includes Test-IsElevated in the Module Manifest ExportedFunctions" name="PSPreworkout.Exported Commands.Explicitly exported commands.Includes Test-IsElevated in the Module Manifest ExportedFunctions" time="0.011" asserts="0" success="True" result="Success" executed="True" />
                          <test-case description="Includes Update-AllTheThings in the Module Manifest ExportedFunctions" name="PSPreworkout.Exported Commands.Explicitly exported commands.Includes Update-AllTheThings in the Module Manifest ExportedFunctions" time="0.0093" asserts="0" success="True" result="Success" executed="True" />
                        </results>
                      </test-suite>
                    </results>
                  </test-suite>
                </results>
              </test-suite>
              <test-suite type="TestFixture" name="PSPreworkout.Command Help" executed="True" result="Success" success="True" time="3.9293" asserts="0" description="PSPreworkout.Command Help">
                <results>
                  <test-suite type="TestFixture" name="PSPreworkout.Command Help.Edit-HistoryFile" executed="True" result="Success" success="True" time="0.1618" asserts="0" description="PSPreworkout.Command Help.Edit-HistoryFile">
                    <results>
                      <test-case description="Includes a Synopsis" name="PSPreworkout.Command Help.Edit-HistoryFile.Includes a Synopsis" time="0.0346" asserts="0" success="True" result="Success" executed="True" />
                      <test-case description="Includes a Description" name="PSPreworkout.Command Help.Edit-HistoryFile.Includes a Description" time="0.0429" asserts="0" success="True" result="Success" executed="True" />
                      <test-case description="Includes an Example" name="PSPreworkout.Command Help.Edit-HistoryFile.Includes an Example" time="0.0699" asserts="0" success="True" result="Success" executed="True" />
                    </results>
                  </test-suite>
                  <test-suite type="TestFixture" name="PSPreworkout.Command Help.Get-Assembly" executed="True" result="Success" success="True" time="0.2069" asserts="0" description="PSPreworkout.Command Help.Get-Assembly">
                    <results>
                      <test-case description="Includes a Synopsis" name="PSPreworkout.Command Help.Get-Assembly.Includes a Synopsis" time="0.0141" asserts="0" success="True" result="Success" executed="True" />
                      <test-case description="Includes a Description" name="PSPreworkout.Command Help.Get-Assembly.Includes a Description" time="0.0111" asserts="0" success="True" result="Success" executed="True" />
                      <test-case description="Includes an Example" name="PSPreworkout.Command Help.Get-Assembly.Includes an Example" time="0.0114" asserts="0" success="True" result="Success" executed="True" />
                    </results>
                  </test-suite>
                  <test-suite type="TestFixture" name="PSPreworkout.Command Help.Get-PSPortable" executed="True" result="Success" success="True" time="0.2602" asserts="0" description="PSPreworkout.Command Help.Get-PSPortable">
                    <results>
                      <test-case description="Includes a Synopsis" name="PSPreworkout.Command Help.Get-PSPortable.Includes a Synopsis" time="0.0164" asserts="0" success="True" result="Success" executed="True" />
                      <test-case description="Includes a Description" name="PSPreworkout.Command Help.Get-PSPortable.Includes a Description" time="0.0138" asserts="0" success="True" result="Success" executed="True" />
                      <test-case description="Includes an Example" name="PSPreworkout.Command Help.Get-PSPortable.Includes an Example" time="0.0146" asserts="0" success="True" result="Success" executed="True" />
                    </results>
                  </test-suite>
                  <test-suite type="TestFixture" name="PSPreworkout.Command Help.Init-PSEnvConfig" executed="True" result="Success" success="True" time="0.3359" asserts="0" description="PSPreworkout.Command Help.Init-PSEnvConfig">
                    <results>
                      <test-case description="Includes a Synopsis" name="PSPreworkout.Command Help.Init-PSEnvConfig.Includes a Synopsis" time="0.0314" asserts="0" success="True" result="Success" executed="True" />
                      <test-case description="Includes a Description" name="PSPreworkout.Command Help.Init-PSEnvConfig.Includes a Description" time="0.0176" asserts="0" success="True" result="Success" executed="True" />
                      <test-case description="Includes an Example" name="PSPreworkout.Command Help.Init-PSEnvConfig.Includes an Example" time="0.0177" asserts="0" success="True" result="Success" executed="True" />
                    </results>
                  </test-suite>
                  <test-suite type="TestFixture" name="PSPreworkout.Command Help.New-Script" executed="True" result="Success" success="True" time="0.3971" asserts="0" description="PSPreworkout.Command Help.New-Script">
                    <results>
                      <test-case description="Includes a Synopsis" name="PSPreworkout.Command Help.New-Script.Includes a Synopsis" time="0.0183" asserts="0" success="True" result="Success" executed="True" />
                      <test-case description="Includes a Description" name="PSPreworkout.Command Help.New-Script.Includes a Description" time="0.0169" asserts="0" success="True" result="Success" executed="True" />
                      <test-case description="Includes an Example" name="PSPreworkout.Command Help.New-Script.Includes an Example" time="0.0172" asserts="0" success="True" result="Success" executed="True" />
                    </results>
                  </test-suite>
                  <test-suite type="TestFixture" name="PSPreworkout.Command Help.Show-LoadedAssemblies" executed="True" result="Success" success="True" time="0.4473" asserts="0" description="PSPreworkout.Command Help.Show-LoadedAssemblies">
                    <results>
                      <test-case description="Includes a Synopsis" name="PSPreworkout.Command Help.Show-LoadedAssemblies.Includes a Synopsis" time="0.0157" asserts="0" success="True" result="Success" executed="True" />
                      <test-case description="Includes a Description" name="PSPreworkout.Command Help.Show-LoadedAssemblies.Includes a Description" time="0.0132" asserts="0" success="True" result="Success" executed="True" />
                      <test-case description="Includes an Example" name="PSPreworkout.Command Help.Show-LoadedAssemblies.Includes an Example" time="0.013" asserts="0" success="True" result="Success" executed="True" />
                    </results>
                  </test-suite>
                  <test-suite type="TestFixture" name="PSPreworkout.Command Help.Edit-PSReadLineHistoryFile" executed="True" result="Success" success="True" time="0.595" asserts="0" description="PSPreworkout.Command Help.Edit-PSReadLineHistoryFile">
                    <results>
                      <test-case description="Includes a Synopsis" name="PSPreworkout.Command Help.Edit-PSReadLineHistoryFile.Includes a Synopsis" time="0.0601" asserts="0" success="True" result="Success" executed="True" />
                      <test-case description="Includes a Description" name="PSPreworkout.Command Help.Edit-PSReadLineHistoryFile.Includes a Description" time="0.0406" asserts="0" success="True" result="Success" executed="True" />
                      <test-case description="Includes an Example" name="PSPreworkout.Command Help.Edit-PSReadLineHistoryFile.Includes an Example" time="0.0396" asserts="0" success="True" result="Success" executed="True" />
                    </results>
                  </test-suite>
                  <test-suite type="TestFixture" name="PSPreworkout.Command Help.Edit-WingetSettingsFile" executed="True" result="Success" success="True" time="0.7144" asserts="0" description="PSPreworkout.Command Help.Edit-WingetSettingsFile">
                    <results>
                      <test-case description="Includes a Synopsis" name="PSPreworkout.Command Help.Edit-WingetSettingsFile.Includes a Synopsis" time="0.0382" asserts="0" success="True" result="Success" executed="True" />
                      <test-case description="Includes a Description" name="PSPreworkout.Command Help.Edit-WingetSettingsFile.Includes a Description" time="0.0375" asserts="0" success="True" result="Success" executed="True" />
                      <test-case description="Includes an Example" name="PSPreworkout.Command Help.Edit-WingetSettingsFile.Includes an Example" time="0.0374" asserts="0" success="True" result="Success" executed="True" />
                    </results>
                  </test-suite>
                  <test-suite type="TestFixture" name="PSPreworkout.Command Help.Get-CommandHistory" executed="True" result="Success" success="True" time="0.8309" asserts="0" description="PSPreworkout.Command Help.Get-CommandHistory">
                    <results>
                      <test-case description="Includes a Synopsis" name="PSPreworkout.Command Help.Get-CommandHistory.Includes a Synopsis" time="0.0384" asserts="0" success="True" result="Success" executed="True" />
                      <test-case description="Includes a Description" name="PSPreworkout.Command Help.Get-CommandHistory.Includes a Description" time="0.0356" asserts="0" success="True" result="Success" executed="True" />
                      <test-case description="Includes an Example" name="PSPreworkout.Command Help.Get-CommandHistory.Includes an Example" time="0.0364" asserts="0" success="True" result="Success" executed="True" />
                    </results>
                  </test-suite>
                  <test-suite type="TestFixture" name="PSPreworkout.Command Help.Get-EnvironmentVariable" executed="True" result="Success" success="True" time="0.9569" asserts="0" description="PSPreworkout.Command Help.Get-EnvironmentVariable">
                    <results>
                      <test-case description="Includes a Synopsis" name="PSPreworkout.Command Help.Get-EnvironmentVariable.Includes a Synopsis" time="0.0403" asserts="0" success="True" result="Success" executed="True" />
                      <test-case description="Includes a Description" name="PSPreworkout.Command Help.Get-EnvironmentVariable.Includes a Description" time="0.0425" asserts="0" success="True" result="Success" executed="True" />
                      <test-case description="Includes an Example" name="PSPreworkout.Command Help.Get-EnvironmentVariable.Includes an Example" time="0.0372" asserts="0" success="True" result="Success" executed="True" />
                    </results>
                  </test-suite>
                  <test-suite type="TestFixture" name="PSPreworkout.Command Help.Get-HashtableValueType" executed="True" result="Success" success="True" time="1.0778" asserts="0" description="PSPreworkout.Command Help.Get-HashtableValueType">
                    <results>
                      <test-case description="Includes a Synopsis" name="PSPreworkout.Command Help.Get-HashtableValueType.Includes a Synopsis" time="0.0383" asserts="0" success="True" result="Success" executed="True" />
                      <test-case description="Includes a Description" name="PSPreworkout.Command Help.Get-HashtableValueType.Includes a Description" time="0.0383" asserts="0" success="True" result="Success" executed="True" />
                      <test-case description="Includes an Example" name="PSPreworkout.Command Help.Get-HashtableValueType.Includes an Example" time="0.0383" asserts="0" success="True" result="Success" executed="True" />
                    </results>
                  </test-suite>
                  <test-suite type="TestFixture" name="PSPreworkout.Command Help.Get-LoadedAssembly" executed="True" result="Success" success="True" time="1.2052" asserts="0" description="PSPreworkout.Command Help.Get-LoadedAssembly">
                    <results>
                      <test-case description="Includes a Synopsis" name="PSPreworkout.Command Help.Get-LoadedAssembly.Includes a Synopsis" time="0.0436" asserts="0" success="True" result="Success" executed="True" />
                      <test-case description="Includes a Description" name="PSPreworkout.Command Help.Get-LoadedAssembly.Includes a Description" time="0.0389" asserts="0" success="True" result="Success" executed="True" />
                      <test-case description="Includes an Example" name="PSPreworkout.Command Help.Get-LoadedAssembly.Includes an Example" time="0.0386" asserts="0" success="True" result="Success" executed="True" />
                    </results>
                  </test-suite>
                  <test-suite type="TestFixture" name="PSPreworkout.Command Help.Get-ModulesWithUpdate" executed="True" result="Success" success="True" time="1.3313" asserts="0" description="PSPreworkout.Command Help.Get-ModulesWithUpdate">
                    <results>
                      <test-case description="Includes a Synopsis" name="PSPreworkout.Command Help.Get-ModulesWithUpdate.Includes a Synopsis" time="0.0404" asserts="0" success="True" result="Success" executed="True" />
                      <test-case description="Includes a Description" name="PSPreworkout.Command Help.Get-ModulesWithUpdate.Includes a Description" time="0.0373" asserts="0" success="True" result="Success" executed="True" />
                      <test-case description="Includes an Example" name="PSPreworkout.Command Help.Get-ModulesWithUpdate.Includes an Example" time="0.0423" asserts="0" success="True" result="Success" executed="True" />
                    </results>
                  </test-suite>
                  <test-suite type="TestFixture" name="PSPreworkout.Command Help.Get-PowerShellPortable" executed="True" result="Success" success="True" time="1.4643" asserts="0" description="PSPreworkout.Command Help.Get-PowerShellPortable">
                    <results>
                      <test-case description="Includes a Synopsis" name="PSPreworkout.Command Help.Get-PowerShellPortable.Includes a Synopsis" time="0.0483" asserts="0" success="True" result="Success" executed="True" />
                      <test-case description="Includes a Description" name="PSPreworkout.Command Help.Get-PowerShellPortable.Includes a Description" time="0.0418" asserts="0" success="True" result="Success" executed="True" />
                      <test-case description="Includes an Example" name="PSPreworkout.Command Help.Get-PowerShellPortable.Includes an Example" time="0.0365" asserts="0" success="True" result="Success" executed="True" />
                    </results>
                  </test-suite>
                  <test-suite type="TestFixture" name="PSPreworkout.Command Help.Get-TypeAccelerator" executed="True" result="Success" success="True" time="1.5782" asserts="0" description="PSPreworkout.Command Help.Get-TypeAccelerator">
                    <results>
                      <test-case description="Includes a Synopsis" name="PSPreworkout.Command Help.Get-TypeAccelerator.Includes a Synopsis" time="0.0366" asserts="0" success="True" result="Success" executed="True" />
                      <test-case description="Includes a Description" name="PSPreworkout.Command Help.Get-TypeAccelerator.Includes a Description" time="0.0357" asserts="0" success="True" result="Success" executed="True" />
                      <test-case description="Includes an Example" name="PSPreworkout.Command Help.Get-TypeAccelerator.Includes an Example" time="0.0346" asserts="0" success="True" result="Success" executed="True" />
                    </results>
                  </test-suite>
                  <test-suite type="TestFixture" name="PSPreworkout.Command Help.Initialize-PSEnvironmentConfiguration" executed="True" result="Success" success="True" time="1.7071" asserts="0" description="PSPreworkout.Command Help.Initialize-PSEnvironmentConfiguration">
                    <results>
                      <test-case description="Includes a Synopsis" name="PSPreworkout.Command Help.Initialize-PSEnvironmentConfiguration.Includes a Synopsis" time="0.0385" asserts="0" success="True" result="Success" executed="True" />
                      <test-case description="Includes a Description" name="PSPreworkout.Command Help.Initialize-PSEnvironmentConfiguration.Includes a Description" time="0.0452" asserts="0" success="True" result="Success" executed="True" />
                      <test-case description="Includes an Example" name="PSPreworkout.Command Help.Initialize-PSEnvironmentConfiguration.Includes an Example" time="0.0394" asserts="0" success="True" result="Success" executed="True" />
                    </results>
                  </test-suite>
                  <test-suite type="TestFixture" name="PSPreworkout.Command Help.Install-CommandNotFoundUtility" executed="True" result="Success" success="True" time="1.8174" asserts="0" description="PSPreworkout.Command Help.Install-CommandNotFoundUtility">
                    <results>
                      <test-case description="Includes a Synopsis" name="PSPreworkout.Command Help.Install-CommandNotFoundUtility.Includes a Synopsis" time="0.0361" asserts="0" success="True" result="Success" executed="True" />
                      <test-case description="Includes a Description" name="PSPreworkout.Command Help.Install-CommandNotFoundUtility.Includes a Description" time="0.0348" asserts="0" success="True" result="Success" executed="True" />
                      <test-case description="Includes an Example" name="PSPreworkout.Command Help.Install-CommandNotFoundUtility.Includes an Example" time="0.034" asserts="0" success="True" result="Success" executed="True" />
                    </results>
                  </test-suite>
                  <test-suite type="TestFixture" name="PSPreworkout.Command Help.Install-OhMyPosh" executed="True" result="Success" success="True" time="1.9194" asserts="0" description="PSPreworkout.Command Help.Install-OhMyPosh">
                    <results>
                      <test-case description="Includes a Synopsis" name="PSPreworkout.Command Help.Install-OhMyPosh.Includes a Synopsis" time="0.0339" asserts="0" success="True" result="Success" executed="True" />
                      <test-case description="Includes a Description" name="PSPreworkout.Command Help.Install-OhMyPosh.Includes a Description" time="0.0315" asserts="0" success="True" result="Success" executed="True" />
                      <test-case description="Includes an Example" name="PSPreworkout.Command Help.Install-OhMyPosh.Includes an Example" time="0.0315" asserts="0" success="True" result="Success" executed="True" />
                    </results>
                  </test-suite>
                  <test-suite type="TestFixture" name="PSPreworkout.Command Help.Install-PowerShellISE" executed="True" result="Success" success="True" time="2.0175" asserts="0" description="PSPreworkout.Command Help.Install-PowerShellISE">
                    <results>
                      <test-case description="Includes a Synopsis" name="PSPreworkout.Command Help.Install-PowerShellISE.Includes a Synopsis" time="0.0309" asserts="0" success="True" result="Success" executed="True" />
                      <test-case description="Includes a Description" name="PSPreworkout.Command Help.Install-PowerShellISE.Includes a Description" time="0.0296" asserts="0" success="True" result="Success" executed="True" />
                      <test-case description="Includes an Example" name="PSPreworkout.Command Help.Install-PowerShellISE.Includes an Example" time="0.0329" asserts="0" success="True" result="Success" executed="True" />
                    </results>
                  </test-suite>
                  <test-suite type="TestFixture" name="PSPreworkout.Command Help.Install-WinGet" executed="True" result="Success" success="True" time="2.1185" asserts="0" description="PSPreworkout.Command Help.Install-WinGet">
                    <results>
                      <test-case description="Includes a Synopsis" name="PSPreworkout.Command Help.Install-WinGet.Includes a Synopsis" time="0.0315" asserts="0" success="True" result="Success" executed="True" />
                      <test-case description="Includes a Description" name="PSPreworkout.Command Help.Install-WinGet.Includes a Description" time="0.0321" asserts="0" success="True" result="Success" executed="True" />
                      <test-case description="Includes an Example" name="PSPreworkout.Command Help.Install-WinGet.Includes an Example" time="0.0326" asserts="0" success="True" result="Success" executed="True" />
                    </results>
                  </test-suite>
                  <test-suite type="TestFixture" name="PSPreworkout.Command Help.New-Credential" executed="True" result="Success" success="True" time="2.2157" asserts="0" description="PSPreworkout.Command Help.New-Credential">
                    <results>
                      <test-case description="Includes a Synopsis" name="PSPreworkout.Command Help.New-Credential.Includes a Synopsis" time="0.0324" asserts="0" success="True" result="Success" executed="True" />
                      <test-case description="Includes a Description" name="PSPreworkout.Command Help.New-Credential.Includes a Description" time="0.0299" asserts="0" success="True" result="Success" executed="True" />
                      <test-case description="Includes an Example" name="PSPreworkout.Command Help.New-Credential.Includes an Example" time="0.0299" asserts="0" success="True" result="Success" executed="True" />
                    </results>
                  </test-suite>
                  <test-suite type="TestFixture" name="PSPreworkout.Command Help.New-ScriptFromTemplate" executed="True" result="Success" success="True" time="2.3332" asserts="0" description="PSPreworkout.Command Help.New-ScriptFromTemplate">
                    <results>
                      <test-case description="Includes a Synopsis" name="PSPreworkout.Command Help.New-ScriptFromTemplate.Includes a Synopsis" time="0.0336" asserts="0" success="True" result="Success" executed="True" />
                      <test-case description="Includes a Description" name="PSPreworkout.Command Help.New-ScriptFromTemplate.Includes a Description" time="0.0333" asserts="0" success="True" result="Success" executed="True" />
                      <test-case description="Includes an Example" name="PSPreworkout.Command Help.New-ScriptFromTemplate.Includes an Example" time="0.0457" asserts="0" success="True" result="Success" executed="True" />
                    </results>
                  </test-suite>
                  <test-suite type="TestFixture" name="PSPreworkout.Command Help.Out-JsonFile" executed="True" result="Success" success="True" time="2.4355" asserts="0" description="PSPreworkout.Command Help.Out-JsonFile">
                    <results>
                      <test-case description="Includes a Synopsis" name="PSPreworkout.Command Help.Out-JsonFile.Includes a Synopsis" time="0.0335" asserts="0" success="True" result="Success" executed="True" />
                      <test-case description="Includes a Description" name="PSPreworkout.Command Help.Out-JsonFile.Includes a Description" time="0.0327" asserts="0" success="True" result="Success" executed="True" />
                      <test-case description="Includes an Example" name="PSPreworkout.Command Help.Out-JsonFile.Includes an Example" time="0.0314" asserts="0" success="True" result="Success" executed="True" />
                    </results>
                  </test-suite>
                  <test-suite type="TestFixture" name="PSPreworkout.Command Help.Set-ConsoleFont" executed="True" result="Success" success="True" time="2.5292" asserts="0" description="PSPreworkout.Command Help.Set-ConsoleFont">
                    <results>
                      <test-case description="Includes a Synopsis" name="PSPreworkout.Command Help.Set-ConsoleFont.Includes a Synopsis" time="0.031" asserts="0" success="True" result="Success" executed="True" />
                      <test-case description="Includes a Description" name="PSPreworkout.Command Help.Set-ConsoleFont.Includes a Description" time="0.0292" asserts="0" success="True" result="Success" executed="True" />
                      <test-case description="Includes an Example" name="PSPreworkout.Command Help.Set-ConsoleFont.Includes an Example" time="0.0291" asserts="0" success="True" result="Success" executed="True" />
                    </results>
                  </test-suite>
                  <test-suite type="TestFixture" name="PSPreworkout.Command Help.Set-DefaultTerminal" executed="True" result="Success" success="True" time="2.6262" asserts="0" description="PSPreworkout.Command Help.Set-DefaultTerminal">
                    <results>
                      <test-case description="Includes a Synopsis" name="PSPreworkout.Command Help.Set-DefaultTerminal.Includes a Synopsis" time="0.0309" asserts="0" success="True" result="Success" executed="True" />
                      <test-case description="Includes a Description" name="PSPreworkout.Command Help.Set-DefaultTerminal.Includes a Description" time="0.0307" asserts="0" success="True" result="Success" executed="True" />
                      <test-case description="Includes an Example" name="PSPreworkout.Command Help.Set-DefaultTerminal.Includes an Example" time="0.0311" asserts="0" success="True" result="Success" executed="True" />
                    </results>
                  </test-suite>
                  <test-suite type="TestFixture" name="PSPreworkout.Command Help.Set-EnvironmentVariable" executed="True" result="Success" success="True" time="2.7586" asserts="0" description="PSPreworkout.Command Help.Set-EnvironmentVariable">
                    <results>
                      <test-case description="Includes a Synopsis" name="PSPreworkout.Command Help.Set-EnvironmentVariable.Includes a Synopsis" time="0.0488" asserts="0" success="True" result="Success" executed="True" />
                      <test-case description="Includes a Description" name="PSPreworkout.Command Help.Set-EnvironmentVariable.Includes a Description" time="0.0387" asserts="0" success="True" result="Success" executed="True" />
                      <test-case description="Includes an Example" name="PSPreworkout.Command Help.Set-EnvironmentVariable.Includes an Example" time="0.0396" asserts="0" success="True" result="Success" executed="True" />
                    </results>
                  </test-suite>
                  <test-suite type="TestFixture" name="PSPreworkout.Command Help.Show-LoadedAssembly" executed="True" result="Success" success="True" time="2.8847" asserts="0" description="PSPreworkout.Command Help.Show-LoadedAssembly">
                    <results>
                      <test-case description="Includes a Synopsis" name="PSPreworkout.Command Help.Show-LoadedAssembly.Includes a Synopsis" time="0.0401" asserts="0" success="True" result="Success" executed="True" />
                      <test-case description="Includes a Description" name="PSPreworkout.Command Help.Show-LoadedAssembly.Includes a Description" time="0.0399" asserts="0" success="True" result="Success" executed="True" />
                      <test-case description="Includes an Example" name="PSPreworkout.Command Help.Show-LoadedAssembly.Includes an Example" time="0.0406" asserts="0" success="True" result="Success" executed="True" />
                    </results>
                  </test-suite>
                  <test-suite type="TestFixture" name="PSPreworkout.Command Help.Show-WithoutEmptyProperty" executed="True" result="Success" success="True" time="3.0073" asserts="0" description="PSPreworkout.Command Help.Show-WithoutEmptyProperty">
                    <results>
                      <test-case description="Includes a Synopsis" name="PSPreworkout.Command Help.Show-WithoutEmptyProperty.Includes a Synopsis" time="0.0398" asserts="0" success="True" result="Success" executed="True" />
                      <test-case description="Includes a Description" name="PSPreworkout.Command Help.Show-WithoutEmptyProperty.Includes a Description" time="0.0386" asserts="0" success="True" result="Success" executed="True" />
                      <test-case description="Includes an Example" name="PSPreworkout.Command Help.Show-WithoutEmptyProperty.Includes an Example" time="0.0389" asserts="0" success="True" result="Success" executed="True" />
                    </results>
                  </test-suite>
                  <test-suite type="TestFixture" name="PSPreworkout.Command Help.Test-IsElevated" executed="True" result="Success" success="True" time="3.1279" asserts="0" description="PSPreworkout.Command Help.Test-IsElevated">
                    <results>
                      <test-case description="Includes a Synopsis" name="PSPreworkout.Command Help.Test-IsElevated.Includes a Synopsis" time="0.044" asserts="0" success="True" result="Success" executed="True" />
                      <test-case description="Includes a Description" name="PSPreworkout.Command Help.Test-IsElevated.Includes a Description" time="0.0383" asserts="0" success="True" result="Success" executed="True" />
                      <test-case description="Includes an Example" name="PSPreworkout.Command Help.Test-IsElevated.Includes an Example" time="0.0337" asserts="0" success="True" result="Success" executed="True" />
                    </results>
                  </test-suite>
                  <test-suite type="TestFixture" name="PSPreworkout.Command Help.Update-AllTheThings" executed="True" result="Success" success="True" time="3.2306" asserts="0" description="PSPreworkout.Command Help.Update-AllTheThings">
                    <results>
                      <test-case description="Includes a Synopsis" name="PSPreworkout.Command Help.Update-AllTheThings.Includes a Synopsis" time="0.0336" asserts="0" success="True" result="Success" executed="True" />
                      <test-case description="Includes a Description" name="PSPreworkout.Command Help.Update-AllTheThings.Includes a Description" time="0.0323" asserts="0" success="True" result="Success" executed="True" />
                      <test-case description="Includes an Example" name="PSPreworkout.Command Help.Update-AllTheThings.Includes an Example" time="0.0316" asserts="0" success="True" result="Success" executed="True" />
                    </results>
                  </test-suite>
                </results>
              </test-suite>
            </results>
          </test-suite>
        </results>
      </test-suite>
      <test-suite type="TestFixture" name="/home/runner/work/PSPreworkout/PSPreworkout/src/Tests/Unit/Get-EnvironmentVariable.Tests.ps1" executed="True" result="Success" success="True" time="1.5667" asserts="0" description="/home/runner/work/PSPreworkout/PSPreworkout/src/Tests/Unit/Get-EnvironmentVariable.Tests.ps1">
        <results>
          <test-suite type="TestFixture" name="Get-EnvironmentVariable" executed="True" result="Success" success="True" time="1.5094" asserts="0" description="Get-EnvironmentVariable">
            <results>
              <test-suite type="TestFixture" name="Get-EnvironmentVariable.Parameter Validation" executed="True" result="Success" success="True" time="0.0671" asserts="0" description="Get-EnvironmentVariable.Parameter Validation">
                <results>
                  <test-case description="Should have the correct parameter sets" name="Get-EnvironmentVariable.Parameter Validation.Should have the correct parameter sets" time="0.0193" asserts="0" success="True" result="Success" executed="True" />
                  <test-case description="Should have the correct alias" name="Get-EnvironmentVariable.Parameter Validation.Should have the correct alias" time="0.008" asserts="0" success="True" result="Success" executed="True" />
                  <test-case description="Should validate that Name parameter is not null or empty" name="Get-EnvironmentVariable.Parameter Validation.Should validate that Name parameter is not null or empty" time="0.0264" asserts="0" success="True" result="Success" executed="True" />
                  <test-case description="Should validate that Pattern parameter is not null or empty" name="Get-EnvironmentVariable.Parameter Validation.Should validate that Pattern parameter is not null or empty" time="0.0095" asserts="0" success="True" result="Success" executed="True" />
                </results>
              </test-suite>
              <test-suite type="TestFixture" name="Get-EnvironmentVariable.Default Behavior (No Parameters)" executed="True" result="Success" success="True" time="0.4244" asserts="0" description="Get-EnvironmentVariable.Default Behavior (No Parameters)">
                <results>
                  <test-case description="Should return all environment variables from all targets when no parameters are specified" name="Get-EnvironmentVariable.Default Behavior (No Parameters).Should return all environment variables from all targets when no parameters are specified" time="0.1297" asserts="0" success="True" result="Success" executed="True" />
                  <test-case description="Should return objects with the correct PSTypeName" name="Get-EnvironmentVariable.Default Behavior (No Parameters).Should return objects with the correct PSTypeName" time="0.0907" asserts="0" success="True" result="Success" executed="True" />
                  <test-case description="Should return objects with expected properties" name="Get-EnvironmentVariable.Default Behavior (No Parameters).Should return objects with expected properties" time="0.1327" asserts="0" success="True" result="Success" executed="True" />
                </results>
              </test-suite>
              <test-suite type="TestFixture" name="Get-EnvironmentVariable.Name Parameter Tests" executed="True" result="Success" success="True" time="0.4771" asserts="0" description="Get-EnvironmentVariable.Name Parameter Tests">
                <results>
                  <test-case description="Should return the correct environment variable when Name is specified" name="Get-EnvironmentVariable.Name Parameter Tests.Should return the correct environment variable when Name is specified" time="0.0216" asserts="0" success="True" result="Success" executed="True" />
                  <test-case description="Should return environment variable from specific target when Name and Target are specified" name="Get-EnvironmentVariable.Name Parameter Tests.Should return environment variable from specific target when Name and Target are specified" time="0.0059" asserts="0" success="True" result="Success" executed="True" />
                  <test-case description="Should return environment variables from multiple targets when Name and multiple Targets are specified" name="Get-EnvironmentVariable.Name Parameter Tests.Should return environment variables from multiple targets when Name and multiple Targets are specified" time="0.0076" asserts="0" success="True" result="Success" executed="True" />
                  <test-case description="Should ignore -All switch when Name is specified with Target" name="Get-EnvironmentVariable.Name Parameter Tests.Should ignore -All switch when Name is specified with Target" time="0.0049" asserts="0" success="True" result="Success" executed="True" />
                  <test-case description="Should return empty result for non-existent environment variable" name="Get-EnvironmentVariable.Name Parameter Tests.Should return empty result for non-existent environment variable" time="0.0084" asserts="0" success="True" result="Success" executed="True" />
                </results>
              </test-suite>
              <test-suite type="TestFixture" name="Get-EnvironmentVariable.Pattern Parameter Tests" executed="True" result="Success" success="True" time="0.5342" asserts="0" description="Get-EnvironmentVariable.Pattern Parameter Tests">
                <results>
                  <test-case description="Should return environment variables matching regex pattern" name="Get-EnvironmentVariable.Pattern Parameter Tests.Should return environment variables matching regex pattern" time="0.0191" asserts="0" success="True" result="Success" executed="True" />
                  <test-case description="Should return pattern matches from specific target" name="Get-EnvironmentVariable.Pattern Parameter Tests.Should return pattern matches from specific target" time="0.0053" asserts="0" success="True" result="Success" executed="True" />
                  <test-case description="Should return pattern matches from multiple targets" name="Get-EnvironmentVariable.Pattern Parameter Tests.Should return pattern matches from multiple targets" time="0.0157" asserts="0" success="True" result="Success" executed="True" />
                  <test-case description="Should ignore -All switch when Pattern is specified with Target" name="Get-EnvironmentVariable.Pattern Parameter Tests.Should ignore -All switch when Pattern is specified with Target" time="0.0049" asserts="0" success="True" result="Success" executed="True" />
                  <test-case description="Should return empty result for pattern with no matches" name="Get-EnvironmentVariable.Pattern Parameter Tests.Should return empty result for pattern with no matches" time="0.0083" asserts="0" success="True" result="Success" executed="True" />
                </results>
              </test-suite>
              <test-suite type="TestFixture" name="Get-EnvironmentVariable.Target Parameter Tests" executed="True" result="Success" success="True" time="0.8765" asserts="0" description="Get-EnvironmentVariable.Target Parameter Tests">
                <results>
                  <test-case description="Should return environment variables from specific target" name="Get-EnvironmentVariable.Target Parameter Tests.Should return environment variables from specific target" time="0.2401" asserts="0" success="True" result="Success" executed="True" />
                  <test-case description="Should return environment variables from multiple specified targets" name="Get-EnvironmentVariable.Target Parameter Tests.Should return environment variables from multiple specified targets" time="0.0061" asserts="0" success="True" result="Success" executed="True" />
                  <test-case description="Should return environment variables from all targets when Target includes all three" name="Get-EnvironmentVariable.Target Parameter Tests.Should return environment variables from all targets when Target includes all three" time="0.0922" asserts="0" success="True" result="Success" executed="True" />
                </results>
              </test-suite>
              <test-suite type="TestFixture" name="Get-EnvironmentVariable.Target and All Parameter Tests" executed="True" result="Success" success="True" time="1.1031" asserts="0" description="Get-EnvironmentVariable.Target and All Parameter Tests">
                <results>
                  <test-case description="Should return all environment variables from specific target when Target and All are specified" name="Get-EnvironmentVariable.Target and All Parameter Tests.Should return all environment variables from specific target when Target and All are specified" time="0.2177" asserts="0" success="True" result="Success" executed="True" />
                  <test-case description="Should return all environment variables from multiple targets when Target and All are specified" name="Get-EnvironmentVariable.Target and All Parameter Tests.Should return all environment variables from multiple targets when Target and All are specified" time="0.0055" asserts="0" success="True" result="Success" executed="True" />
                </results>
              </test-suite>
              <test-suite type="TestFixture" name="Get-EnvironmentVariable.Process-Specific Properties" executed="True" result="Success" success="True" time="1.2048" asserts="0" description="Get-EnvironmentVariable.Process-Specific Properties">
                <results>
                  <test-case description="Should include PID and ProcessName for Process target environment variables" name="Get-EnvironmentVariable.Process-Specific Properties.Should include PID and ProcessName for Process target environment variables" time="0.0934" asserts="0" success="True" result="Success" executed="True" />
                  <test-case description="Should have null PID and ProcessName for non-Process targets" name="Get-EnvironmentVariable.Process-Specific Properties.Should have null PID and ProcessName for non-Process targets" time="0.005" asserts="0" success="True" result="Success" executed="True" />
                </results>
              </test-suite>
              <test-suite type="TestFixture" name="Get-EnvironmentVariable.Edge Cases and Error Handling" executed="True" result="Success" success="True" time="1.2755" asserts="0" description="Get-EnvironmentVariable.Edge Cases and Error Handling">
                <results>
                  <test-case description="Should handle case-insensitive environment variable names on Windows" name="Get-EnvironmentVariable.Edge Cases and Error Handling.Should handle case-insensitive environment variable names on Windows" time="0.0052" asserts="0" success="True" result="Success" executed="True" />
                  <test-case description="Should handle regex special characters in Name parameter by escaping them" name="Get-EnvironmentVariable.Edge Cases and Error Handling.Should handle regex special characters in Name parameter by escaping them" time="0.0228" asserts="0" success="True" result="Success" executed="True" />
                  <test-case description="Should handle invalid regex patterns by throwing an appropriate error" name="Get-EnvironmentVariable.Edge Cases and Error Handling.Should handle invalid regex patterns by throwing an appropriate error" time="0.0188" asserts="0" success="True" result="Success" executed="True" />
                  <test-case description="Should handle valid but complex regex patterns" name="Get-EnvironmentVariable.Edge Cases and Error Handling.Should handle valid but complex regex patterns" time="0.0197" asserts="0" success="True" result="Success" executed="True" />
                </results>
              </test-suite>
              <test-suite type="TestFixture" name="Get-EnvironmentVariable.Output Format and Type" executed="True" result="Success" success="True" time="1.478" asserts="0" description="Get-EnvironmentVariable.Output Format and Type">
                <results>
                  <test-case description="Should return objects of type PSObject" name="Get-EnvironmentVariable.Output Format and Type.Should return objects of type PSObject" time="0.1116" asserts="0" success="True" result="Success" executed="True" />
                  <test-case description="Should return a collection that can be filtered and sorted" name="Get-EnvironmentVariable.Output Format and Type.Should return a collection that can be filtered and sorted" time="0.0872" asserts="0" success="True" result="Success" executed="True" />
                </results>
              </test-suite>
              <test-suite type="TestFixture" name="Get-EnvironmentVariable.Verbose Output" executed="True" result="Success" success="True" time="1.5066" asserts="0" description="Get-EnvironmentVariable.Verbose Output">
                <results>
                  <test-case description="Should produce verbose output when -Verbose is specified" name="Get-EnvironmentVariable.Verbose Output.Should produce verbose output when -Verbose is specified" time="0.0253" asserts="0" success="True" result="Success" executed="True" />
                </results>
              </test-suite>
            </results>
          </test-suite>
        </results>
      </test-suite>
      <test-suite type="TestFixture" name="/home/runner/work/PSPreworkout/PSPreworkout/src/Tests/Unit/Get-LoadedAssembly.Tests.ps1" executed="True" result="Success" success="True" time="0.0677" asserts="0" description="/home/runner/work/PSPreworkout/PSPreworkout/src/Tests/Unit/Get-LoadedAssembly.Tests.ps1">
        <results>
          <test-suite type="TestFixture" name="Get-LoadedAssembly Tests" executed="True" result="Success" success="True" time="0.0514" asserts="0" description="Get-LoadedAssembly Tests">
            <results>
              <test-suite type="TestFixture" name="Get-LoadedAssembly Tests.Function Tests" executed="True" result="Success" success="True" time="0.0486" asserts="0" description="Get-LoadedAssembly Tests.Function Tests">
                <results>
                  <test-case description="Function should exist" name="Get-LoadedAssembly Tests.Function Tests.Function should exist" time="0.0083" asserts="0" success="True" result="Success" executed="True" />
                  <test-case description="Function should have correct alias" name="Get-LoadedAssembly Tests.Function Tests.Function should have correct alias" time="0.0073" asserts="0" success="True" result="Success" executed="True" />
                  <test-case description="Function should have valid HelpUri" name="Get-LoadedAssembly Tests.Function Tests.Function should have valid HelpUri" time="0.0093" asserts="0" success="True" result="Success" executed="True" />
                  <test-case description="Function should return non-empty output" name="Get-LoadedAssembly Tests.Function Tests.Function should return non-empty output" time="0.0201" asserts="0" success="True" result="Success" executed="True" />
                </results>
              </test-suite>
            </results>
          </test-suite>
        </results>
      </test-suite>
      <test-suite type="TestFixture" name="/home/runner/work/PSPreworkout/PSPreworkout/src/Tests/Unit/Get-PowerShellPortable.Tests.ps1" executed="True" result="Success" success="True" time="0.0681" asserts="0" description="/home/runner/work/PSPreworkout/PSPreworkout/src/Tests/Unit/Get-PowerShellPortable.Tests.ps1">
        <results>
          <test-suite type="TestFixture" name="Get-PowerShellPortable Tests" executed="True" result="Success" success="True" time="0.0478" asserts="0" description="Get-PowerShellPortable Tests">
            <results>
              <test-suite type="TestFixture" name="Get-PowerShellPortable Tests.Function Tests" executed="True" result="Success" success="True" time="0.0442" asserts="0" description="Get-PowerShellPortable Tests.Function Tests">
                <results>
                  <test-case description="Function should exist" name="Get-PowerShellPortable Tests.Function Tests.Function should exist" time="0.0146" asserts="0" success="True" result="Success" executed="True" />
                  <test-case description="Function should have valid HelpUri" name="Get-PowerShellPortable Tests.Function Tests.Function should have valid HelpUri" time="0.0061" asserts="0" success="True" result="Success" executed="True" />
                  <test-case description="Function should determine correct download URL for Windows" name="Get-PowerShellPortable Tests.Function Tests.Function should determine correct download URL for Windows" time="0.0064" asserts="0" success="True" result="Success" executed="True" />
                  <test-case description="Function should determine correct download URL for Linux" name="Get-PowerShellPortable Tests.Function Tests.Function should determine correct download URL for Linux" time="0.0064" asserts="0" success="True" result="Success" executed="True" />
                  <test-case description="Function should determine correct download URL for macOS" name="Get-PowerShellPortable Tests.Function Tests.Function should determine correct download URL for macOS" time="0.0065" asserts="0" success="True" result="Success" executed="True" />
                </results>
              </test-suite>
            </results>
          </test-suite>
        </results>
      </test-suite>
      <test-suite type="TestFixture" name="/home/runner/work/PSPreworkout/PSPreworkout/src/Tests/Unit/Get-TypeAccelerator.Tests.ps1" executed="True" result="Success" success="True" time="0.3252" asserts="0" description="/home/runner/work/PSPreworkout/PSPreworkout/src/Tests/Unit/Get-TypeAccelerator.Tests.ps1">
        <results>
          <test-suite type="TestFixture" name="Get-TypeAccelerator Tests" executed="True" result="Success" success="True" time="0.3065" asserts="0" description="Get-TypeAccelerator Tests">
            <results>
              <test-suite type="TestFixture" name="Get-TypeAccelerator Tests.Function Tests" executed="True" result="Success" success="True" time="0.301" asserts="0" description="Get-TypeAccelerator Tests.Function Tests">
                <results>
                  <test-case description="Function should exist" name="Get-TypeAccelerator Tests.Function Tests.Function should exist" time="0.0067" asserts="0" success="True" result="Success" executed="True" />
                  <test-case description="Function should have valid HelpUri" name="Get-TypeAccelerator Tests.Function Tests.Function should have valid HelpUri" time="0.0062" asserts="0" success="True" result="Success" executed="True" />
                  <test-case description="Function should return an object" name="Get-TypeAccelerator Tests.Function Tests.Function should return an object" time="0.2558" asserts="0" success="True" result="Success" executed="True" />
                  <test-case description="Function should return non-empty output" name="Get-TypeAccelerator Tests.Function Tests.Function should return non-empty output" time="0.0103" asserts="0" success="True" result="Success" executed="True" />
                  <test-case description="Function should filter by exact name" name="Get-TypeAccelerator Tests.Function Tests.Function should filter by exact name" time="0.0063" asserts="0" success="True" result="Success" executed="True" />
                  <test-case description="Function should filter by wildcard name" name="Get-TypeAccelerator Tests.Function Tests.Function should filter by wildcard name" time="0.0106" asserts="0" success="True" result="Success" executed="True" />
                </results>
              </test-suite>
            </results>
          </test-suite>
        </results>
      </test-suite>
      <test-suite type="TestFixture" name="/home/runner/work/PSPreworkout/PSPreworkout/src/Tests/Unit/PSPreworkout-Module.Tests.ps1" executed="True" result="Success" success="True" time="0.0999" asserts="0" description="/home/runner/work/PSPreworkout/PSPreworkout/src/Tests/Unit/PSPreworkout-Module.Tests.ps1">
        <results>
          <test-suite type="TestFixture" name="Module Tests" executed="True" result="Success" success="True" time="0.0761" asserts="0" description="Module Tests">
            <results>
              <test-suite type="TestFixture" name="Module Tests.Module Tests" executed="True" result="Success" success="True" time="0.0735" asserts="0" description="Module Tests.Module Tests">
                <results>
                  <test-case description="Passes Test-ModuleManifest" name="Module Tests.Module Tests.Passes Test-ModuleManifest" time="0.0068" asserts="0" success="True" result="Success" executed="True" />
                  <test-case description="root module PSPreworkout.psm1 should exist" name="Module Tests.Module Tests.root module PSPreworkout.psm1 should exist" time="0.0053" asserts="0" success="True" result="Success" executed="True" />
                  <test-case description="manifest should contain PSPreworkout.psm1" name="Module Tests.Module Tests.manifest should contain PSPreworkout.psm1" time="0.006" asserts="0" success="True" result="Success" executed="True" />
                  <test-case description="should have a matching module name in the manifest" name="Module Tests.Module Tests.should have a matching module name in the manifest" time="0.0042" asserts="0" success="True" result="Success" executed="True" />
                  <test-case description="should have a valid description in the manifest" name="Module Tests.Module Tests.should have a valid description in the manifest" time="0.005" asserts="0" success="True" result="Success" executed="True" />
                  <test-case description="should have a valid author in the manifest" name="Module Tests.Module Tests.should have a valid author in the manifest" time="0.0047" asserts="0" success="True" result="Success" executed="True" />
                  <test-case description="should have a valid version in the manifest" name="Module Tests.Module Tests.should have a valid version in the manifest" time="0.0073" asserts="0" success="True" result="Success" executed="True" />
                  <test-case description="should have a valid guid in the manifest" name="Module Tests.Module Tests.should have a valid guid in the manifest" time="0.0084" asserts="0" success="True" result="Success" executed="True" />
                  <test-case description="should not have any spaces in the tags" name="Module Tests.Module Tests.should not have any spaces in the tags" time="0.0097" asserts="0" success="True" result="Success" executed="True" />
                  <test-case description="should have a valid project Uri" name="Module Tests.Module Tests.should have a valid project Uri" time="0.0122" asserts="0" success="True" result="Success" executed="True" />
                </results>
              </test-suite>
            </results>
          </test-suite>
        </results>
      </test-suite>
    </results>
  </test-suite>
</test-results>